options:
{'ncosDrad': 0, 'nmc_update': 1000.0, 'seed': None, 'move_timezero': False, 'ncosD': 6, 'ncosF': 10, 'reduction': False, 'dwrad': 0.5, 'pull': 0, 'dtimezero': 0.1, 'outfile': 'output/HexdWat/out.ncosf10d6.run1//out.nbins100.20.pbc.A.dat', 'nmc': 5000, 'dv': 0.05, 'dw': 0.05, 'temp_end': 1.0, 'nbins': None, 'initfile': None, 'temp': 1.0, 'k': -1, 'lmax': -1, 'pbc': True, 'model': 'CosinusModel', 'D0': 1.0}
args:
['data/HexdWat/transitions.nbins100.20.pbc.A.dat']
====================
python program to extract diffusion coefficient and free energy from transition counts
copyright: Gerhard Hummer (NIH, July 2012)
adapted by An Ghysels (August 2012)

HEADER
{'count': 'pbc', 'dn': 20, 'lt': 20.0, 'edges': array([ -2.65987500e+01,  -2.60667750e+01,  -2.55348000e+01,
        -2.50028250e+01,  -2.44708500e+01,  -2.39388750e+01,
        -2.34069000e+01,  -2.28749250e+01,  -2.23429500e+01,
        -2.18109750e+01,  -2.12790000e+01,  -2.07470250e+01,
        -2.02150500e+01,  -1.96830750e+01,  -1.91511000e+01,
        -1.86191250e+01,  -1.80871500e+01,  -1.75551750e+01,
        -1.70232000e+01,  -1.64912250e+01,  -1.59592500e+01,
        -1.54272750e+01,  -1.48953000e+01,  -1.43633250e+01,
        -1.38313500e+01,  -1.32993750e+01,  -1.27674000e+01,
        -1.22354250e+01,  -1.17034500e+01,  -1.11714750e+01,
        -1.06395000e+01,  -1.01075250e+01,  -9.57555000e+00,
        -9.04357500e+00,  -8.51160000e+00,  -7.97962500e+00,
        -7.44765000e+00,  -6.91567500e+00,  -6.38370000e+00,
        -5.85172500e+00,  -5.31975000e+00,  -4.78777500e+00,
        -4.25580000e+00,  -3.72382500e+00,  -3.19185000e+00,
        -2.65987500e+00,  -2.12790000e+00,  -1.59592500e+00,
        -1.06395000e+00,  -5.31975000e-01,  -3.90798505e-14,
         5.31975000e-01,   1.06395000e+00,   1.59592500e+00,
         2.12790000e+00,   2.65987500e+00,   3.19185000e+00,
         3.72382500e+00,   4.25580000e+00,   4.78777500e+00,
         5.31975000e+00,   5.85172500e+00,   6.38370000e+00,
         6.91567500e+00,   7.44765000e+00,   7.97962500e+00,
         8.51160000e+00,   9.04357500e+00,   9.57555000e+00,
         1.01075250e+01,   1.06395000e+01,   1.11714750e+01,
         1.17034500e+01,   1.22354250e+01,   1.27674000e+01,
         1.32993750e+01,   1.38313500e+01,   1.43633250e+01,
         1.48953000e+01,   1.54272750e+01,   1.59592500e+01,
         1.64912250e+01,   1.70232000e+01,   1.75551750e+01,
         1.80871500e+01,   1.86191250e+01,   1.91511000e+01,
         1.96830750e+01,   2.02150500e+01,   2.07470250e+01,
         2.12790000e+01,   2.18109750e+01,   2.23429500e+01,
         2.28749250e+01,   2.34069000e+01,   2.39388750e+01,
         2.44708500e+01,   2.50028250e+01,   2.55348000e+01,
         2.60667750e+01,   2.65987500e+01]), 'dz': 0.531975, 'dt': 1.0}
lt 20.0
INIT MODEL
INIT COS MODEL F 10
INIT COS MODEL D 6

 MC-move log-like acc(v) acc(w)
initial log-likelihood: -3643153.78029
0 -3643153.78029 0.0 0.0 0.0
100 -3623723.73305 0.237623762376 0.267326732673 0.0
200 -3612447.90221 0.258706467662 0.218905472637 0.0
300 -3596952.81508 0.269102990033 0.21926910299 0.0
400 -3583672.18946 0.246882793017 0.211970074813 0.0
500 -3567972.84865 0.249500998004 0.225548902196 0.0
600 -3550871.17804 0.257903494176 0.232945091514 0.0
700 -3540521.89541 0.255349500713 0.231098430813 0.0
800 -3529971.16292 0.257178526841 0.230961298377 0.0
900 -3524444.41092 0.251942286349 0.231964483907 0.0
new MC steps: 999 0.0497406748298 0.0496859901696 0.5
1000 -3516899.39299 0.247752247752 0.237762237762 0.0
1100 -3512134.75942 0.248864668483 0.244323342416 0.0
1200 -3508938.7967 0.244796003331 0.243963363863 0.0
1300 -3506845.61242 0.245964642583 0.240584166026 0.0
1400 -3504799.14223 0.245538900785 0.24625267666 0.0
1500 -3502971.05965 0.248500999334 0.245169886742 0.0
1600 -3501079.19805 0.249843847595 0.244846970643 0.0
1700 -3499935.32877 0.249853027631 0.24632569077 0.0
1800 -3498705.82108 0.249305941144 0.251526929484 0.0
1900 -3497459.30816 0.251446607049 0.251972645976 0.0
new MC steps: 1999 0.0495272491221 0.0495173446628 0.5
2000 -3495308.91538 0.252373813093 0.251374312844 0.0
2100 -3494513.63975 0.253212755831 0.24892908139 0.0
2200 -3494098.31341 0.25215810995 0.245797364834 0.0
2300 -3493851.70493 0.251629726206 0.244676227727 0.0
2400 -3493117.89818 0.249895876718 0.24947938359 0.0
2500 -3492165.92411 0.249900039984 0.246701319472 0.0
2600 -3491541.32529 0.251057285659 0.244521337947 0.0
2700 -3490776.84529 0.251388374676 0.245464642725 0.0
2800 -3490322.6267 0.252766868975 0.244912531239 0.0
2900 -3489192.42113 0.2561185798 0.243019648397 0.0
new MC steps: 2999 0.0493295358159 0.0491670166518 0.5
3000 -3488363.01777 0.255248250583 0.243918693769 0.0
3100 -3487793.42062 0.255079006772 0.244759754918 0.0
3200 -3487193.44155 0.253983130272 0.244923461418 0.0
3300 -3486732.90057 0.25477128143 0.245077249318 0.0
3400 -3486239.60132 0.254336959718 0.246986180535 0.0
3500 -3485721.96 0.255069980006 0.245072836332 0.0
3600 -3485366.80447 0.256039988892 0.245209663982 0.0
3700 -3484974.17672 0.258848959741 0.244528505809 0.0
3800 -3484534.59413 0.258089976322 0.244672454617 0.0
3900 -3484249.40565 0.257882594207 0.242758267111 0.0
new MC steps: 3999 0.049147353778 0.0488631241887 0.5
4000 -3483821.0665 0.256935766058 0.242439390152 0.0
4100 -3483403.76431 0.255547427457 0.24237990734 0.0
4200 -3482734.2437 0.257557724351 0.241847179243 0.0
4300 -3482576.42945 0.256916996047 0.242501743781 0.0
4400 -3482052.96424 0.258804817087 0.241308793456 0.0
4500 -3481949.84386 0.26060875361 0.240613197067 0.0
4600 -3481552.41183 0.261030210824 0.238643773093 0.0
4700 -3481262.04413 0.260795575409 0.237821740055 0.0
4800 -3481144.46059 0.261612164132 0.236617371381 0.0
4900 -3480763.01175 0.261783309529 0.236278310549 0.0
4999 -3480590.28098 0.2634 0.237 0.0
new MC steps: 4999 0.0490933214121 0.0484495478227 0.5
===== Statistics =====
nmc          5000
naccv        1317
naccw        1185
naccwrad     0
nacctimezero 0
accv ratio         26.3 %
accw ratio         23.7 %
accwrad ratio       0.0 %
acctimezero ratio   0.0 %
==========
naccv_coeff
       0        0   0.0 %   0.0 %
       1      129   9.8 %   2.6 %
       2      149  11.3 %   3.0 %
       3      136  10.3 %   2.7 %
       4      140  10.6 %   2.8 %
       5      114   8.7 %   2.3 %
       6      140  10.6 %   2.8 %
       7      169  12.8 %   3.4 %
       8      184  14.0 %   3.7 %
       9      156  11.8 %   3.1 %
naccw_coeff
       0       96   8.1 %   1.9 %
       1      167  14.1 %   3.3 %
       2      201  17.0 %   4.0 %
       3      224  18.9 %   4.5 %
       4      261  22.0 %   5.2 %
       5      236  19.9 %   4.7 %
===== stat v =====
VEC (51, 100)
0 0.303136758763 0.201623290118
1 0.314798624645 0.20132406173
2 0.334538203966 0.201011441015
3 0.356275778703 0.200638374331
4 0.373304338104 0.199462202477
5 0.380403892072 0.196650775536
6 0.37558912482 0.19255513095
7 0.360966703363 0.189651511889
8 0.342412862865 0.192162837413
9 0.32809966293 0.203970476799
10 0.326215190421 0.226163039374
11 0.342454552262 0.256522687675
12 0.37794261942 0.290695131775
13 0.428162598376 0.323155758367
14 0.483227630615 0.347673115421
15 0.52950554346 0.357963012396
16 0.552272314824 0.348789055267
17 0.538811845577 0.317209975542
18 0.481262156778 0.26351001146
19 0.378558990911 0.191491986853
20 0.237032535126 0.108229262923
21 0.069519542947 0.0288186568386
22 -0.1068140418 0.0688946901448
23 -0.273465268844 0.137920796458
24 -0.413763851118 0.191535837469
25 -0.515569301728 0.226828495868
26 -0.572978450597 0.244660064831
27 -0.586766255417 0.248307737993
28 -0.563568421321 0.242492550942
29 -0.514077414779 0.232322334828
30 -0.450706023294 0.222153057264
31 -0.385239951703 0.21453167558
32 -0.326948010758 0.209723355873
33 -0.281468545484 0.20627953124
34 -0.250587433356 0.20231842268
35 -0.232817838682 0.196641459442
36 -0.224531552994 0.189162967235
37 -0.221307353332 0.180706344645
38 -0.219163449271 0.172479550327
39 -0.215417765951 0.16555712258
40 -0.209044480626 0.160575445247
41 -0.200533040451 0.157652215032
42 -0.191373239729 0.156426116139
43 -0.183362110418 0.156175448618
44 -0.177944141929 0.156053778931
45 -0.175758837439 0.155408127035
46 -0.176493888385 0.154027556826
47 -0.179050471291 0.152181995069
48 -0.181942876751 0.150441743034
49 -0.183797453501 0.149393078925
50 -0.183797453501 0.149393078925
51 -0.181942876751 0.150441743034
52 -0.179050471291 0.152181995069
53 -0.176493888385 0.154027556826
54 -0.175758837439 0.155408127035
55 -0.177944141929 0.156053778931
56 -0.183362110418 0.156175448618
57 -0.191373239729 0.156426116139
58 -0.200533040451 0.157652215032
59 -0.209044480626 0.160575445247
60 -0.215417765951 0.16555712258
61 -0.219163449271 0.172479550327
62 -0.221307353332 0.180706344645
63 -0.224531552994 0.189162967235
64 -0.232817838682 0.196641459442
65 -0.250587433356 0.20231842268
66 -0.281468545484 0.20627953124
67 -0.326948010758 0.209723355873
68 -0.385239951703 0.21453167558
69 -0.450706023294 0.222153057264
70 -0.514077414779 0.232322334828
71 -0.563568421321 0.242492550942
72 -0.586766255417 0.248307737993
73 -0.572978450597 0.244660064831
74 -0.515569301728 0.226828495868
75 -0.413763851118 0.191535837469
76 -0.273465268844 0.137920796458
77 -0.1068140418 0.0688946901448
78 0.069519542947 0.0288186568386
79 0.237032535126 0.108229262923
80 0.378558990911 0.191491986853
81 0.481262156778 0.26351001146
82 0.538811845577 0.317209975542
83 0.552272314824 0.348789055267
84 0.52950554346 0.357963012396
85 0.483227630615 0.347673115421
86 0.428162598376 0.323155758367
87 0.37794261942 0.290695131775
88 0.342454552262 0.256522687675
89 0.326215190421 0.226163039374
90 0.32809966293 0.203970476799
91 0.342412862865 0.192162837413
92 0.360966703363 0.189651511889
93 0.37558912482 0.19255513095
94 0.380403892072 0.196650775536
95 0.373304338104 0.199462202477
96 0.356275778703 0.200638374331
97 0.334538203966 0.201011441015
98 0.314798624645 0.20132406173
99 0.303136758763 0.201623290118
===== stat v_coeff =====
VEC (51, 10)
0 0.0 0.0
1 0.7565062305 0.496428694736
2 0.469599469089 0.200197990999
3 -0.762170013285 0.453197341855
4 -0.709838083199 0.354669730936
5 0.600512551875 0.233770614639
6 0.754979649375 0.394428678135
7 -0.289355994863 0.230591169298
8 -0.572849852364 0.239175135757
9 -0.0880697454187 0.164886854498
===== stat w =====
VEC (51, 100)
0 1.04125630313 0.184376438894
1 1.02869101229 0.182168962926
2 1.00785760081 0.181192484298
3 0.978959667724 0.184587436288
4 0.942356745566 0.194754980573
5 0.898624434583 0.212007065814
6 0.848613101903 0.234499922362
7 0.793494284333 0.25930875089
8 0.734784548424 0.283536038087
9 0.674338460873 0.304916351071
10 0.614305332006 0.32201981879
11 0.557048216425 0.334244683874
12 0.505027894969 0.341692974957
13 0.460658772731 0.344962765466
14 0.426147351911 0.344881319049
15 0.403326757097 0.3422216136
16 0.393502367662 0.337467325377
17 0.39732373019 0.330694648647
18 0.414696509194 0.321607896522
19 0.444745367763 0.309709994902
20 0.485834581039 0.294542066924
21 0.535648234722 0.275914825927
22 0.591326504095 0.254075925873
23 0.649649255836 0.229789858525
24 0.707253577907 0.204330781841
25 0.760868287952 0.179393909875
26 0.807546370197 0.156912610194
27 0.844875884862 0.138732407591
28 0.871151265074 0.126108326847
29 0.885489977584 0.119207533995
30 0.887884025677 0.117090086069
31 0.879181323737 0.118350332652
32 0.860998074918 0.121863666668
33 0.835569377763 0.12705940183
34 0.805550808285 0.13371863072
35 0.773788150893 0.141610613042
36 0.743075361041 0.150245248587
37 0.7159219484 0.158852194855
38 0.694350152053 0.166535432988
39 0.679739598052 0.172485116947
40 0.672732819349 0.176154433381
41 0.673209467771 0.177360686896
42 0.680330765205 0.176303243928
43 0.692649306242 0.173504845475
44 0.708273334193 0.169690293573
45 0.725069624902 0.165627655789
46 0.740885594921 0.161973239246
47 0.753769532997 0.159171496849
48 0.762168099779 0.157445407413
49 0.765082429791 0.156866566164
50 0.762168099779 0.157445407413
51 0.753769532997 0.159171496849
52 0.740885594921 0.161973239246
53 0.725069624902 0.165627655789
54 0.708273334193 0.169690293573
55 0.692649306242 0.173504845475
56 0.680330765205 0.176303243928
57 0.673209467771 0.177360686896
58 0.672732819349 0.176154433381
59 0.679739598052 0.172485116947
60 0.694350152053 0.166535432988
61 0.7159219484 0.158852194855
62 0.743075361041 0.150245248587
63 0.773788150893 0.141610613042
64 0.805550808285 0.13371863072
65 0.835569377763 0.12705940183
66 0.860998074918 0.121863666668
67 0.879181323737 0.118350332652
68 0.887884025677 0.117090086069
69 0.885489977584 0.119207533995
70 0.871151265074 0.126108326847
71 0.844875884862 0.138732407591
72 0.807546370197 0.156912610194
73 0.760868287952 0.179393909875
74 0.707253577907 0.204330781841
75 0.649649255836 0.229789858525
76 0.591326504095 0.254075925873
77 0.535648234722 0.275914825927
78 0.485834581039 0.294542066924
79 0.444745367763 0.309709994902
80 0.414696509194 0.321607896522
81 0.39732373019 0.330694648647
82 0.393502367662 0.337467325377
83 0.403326757097 0.3422216136
84 0.426147351911 0.344881319049
85 0.460658772731 0.344962765466
86 0.505027894969 0.341692974957
87 0.557048216425 0.334244683874
88 0.614305332006 0.32201981879
89 0.674338460873 0.304916351071
90 0.734784548424 0.283536038087
91 0.793494284333 0.25930875089
92 0.848613101903 0.234499922362
93 0.898624434583 0.212007065814
94 0.942356745566 0.194754980573
95 0.978959667724 0.184587436288
96 1.00785760081 0.181192484298
97 1.02869101229 0.182168962926
98 1.04125630313 0.184376438894
99 1.04545439739 0.185404226915
===== stat w_coeff =====
VEC (51, 6)
0 0.717916363572 0.194085027171
1 -0.000304962065422 0.185101742023
2 0.297022253525 0.126672769291
3 0.797479850401 0.344544798499
4 0.441723160879 0.354036482087
5 -0.354188986613 0.3503463068
