options:
{'ncosDrad': 0, 'nmc_update': 1000.0, 'seed': None, 'move_timezero': False, 'ncosD': 6, 'ncosF': 10, 'reduction': False, 'dwrad': 0.5, 'pull': 0, 'dtimezero': 0.1, 'outfile': 'output/HexdWat/out.ncosf10d6.run2//out.nbins100.20.pbc.dat', 'nmc': 2000, 'dv': 0.05, 'dw': 0.05, 'temp_end': 1.0, 'nbins': None, 'initfile': 'output/HexdWat/out.ncosf10d6.run1//out.nbins100.20.pbc.dat', 'temp': 1.0, 'k': -1, 'lmax': -1, 'pbc': True, 'model': 'CosinusModel', 'D0': 1.0}
args:
['data/HexdWat/transitions.nbins100.20.pbc.A.dat']
====================
python program to extract diffusion coefficient and free energy from transition counts
copyright: Gerhard Hummer (NIH, July 2012)
adapted by An Ghysels (August 2012)

HEADER
{'count': 'pbc', 'dn': 20, 'lt': 20.0, 'edges': array([ -2.65987500e+01,  -2.60667750e+01,  -2.55348000e+01,
        -2.50028250e+01,  -2.44708500e+01,  -2.39388750e+01,
        -2.34069000e+01,  -2.28749250e+01,  -2.23429500e+01,
        -2.18109750e+01,  -2.12790000e+01,  -2.07470250e+01,
        -2.02150500e+01,  -1.96830750e+01,  -1.91511000e+01,
        -1.86191250e+01,  -1.80871500e+01,  -1.75551750e+01,
        -1.70232000e+01,  -1.64912250e+01,  -1.59592500e+01,
        -1.54272750e+01,  -1.48953000e+01,  -1.43633250e+01,
        -1.38313500e+01,  -1.32993750e+01,  -1.27674000e+01,
        -1.22354250e+01,  -1.17034500e+01,  -1.11714750e+01,
        -1.06395000e+01,  -1.01075250e+01,  -9.57555000e+00,
        -9.04357500e+00,  -8.51160000e+00,  -7.97962500e+00,
        -7.44765000e+00,  -6.91567500e+00,  -6.38370000e+00,
        -5.85172500e+00,  -5.31975000e+00,  -4.78777500e+00,
        -4.25580000e+00,  -3.72382500e+00,  -3.19185000e+00,
        -2.65987500e+00,  -2.12790000e+00,  -1.59592500e+00,
        -1.06395000e+00,  -5.31975000e-01,  -3.90798505e-14,
         5.31975000e-01,   1.06395000e+00,   1.59592500e+00,
         2.12790000e+00,   2.65987500e+00,   3.19185000e+00,
         3.72382500e+00,   4.25580000e+00,   4.78777500e+00,
         5.31975000e+00,   5.85172500e+00,   6.38370000e+00,
         6.91567500e+00,   7.44765000e+00,   7.97962500e+00,
         8.51160000e+00,   9.04357500e+00,   9.57555000e+00,
         1.01075250e+01,   1.06395000e+01,   1.11714750e+01,
         1.17034500e+01,   1.22354250e+01,   1.27674000e+01,
         1.32993750e+01,   1.38313500e+01,   1.43633250e+01,
         1.48953000e+01,   1.54272750e+01,   1.59592500e+01,
         1.64912250e+01,   1.70232000e+01,   1.75551750e+01,
         1.80871500e+01,   1.86191250e+01,   1.91511000e+01,
         1.96830750e+01,   2.02150500e+01,   2.07470250e+01,
         2.12790000e+01,   2.18109750e+01,   2.23429500e+01,
         2.28749250e+01,   2.34069000e+01,   2.39388750e+01,
         2.44708500e+01,   2.50028250e+01,   2.55348000e+01,
         2.60667750e+01,   2.65987500e+01]), 'dz': 0.531975, 'dt': 1.0}
lt 20.0
INIT MODEL
INIT COS MODEL F 10
INIT COS MODEL D 6
USING initfile for v_coeff output/HexdWat/out.ncosf10d6.run1//out.nbins100.20.pbc.dat 10 coeffs
USING initfile for w_coeff output/HexdWat/out.ncosf10d6.run1//out.nbins100.20.pbc.dat 6 coeffs
----- Settings MC -----
dv(MC-potential)= 0.05
dw(MC-logD)= 0.05
dwrad(MC-logDrad)= 0.5
temp= 1.0
n(MC)= 2000
n(update)= 1000.0
k= -1
--------------------
===== v_coeff =====
       0   0.00000e+00
       1   1.02490e+00
       2   5.61995e-01
       3  -6.68476e-01
       4  -7.38050e-01
       5   7.73018e-01
       6   7.96654e-01
       7  -4.53771e-01
       8  -6.10250e-01
       9   1.42595e-01
===== w_coeff =====
       0  -6.96094e-01
       1  -1.93305e-01
       2   2.90516e-01
       3   1.09841e+00
       4   7.10238e-02
       5  -1.10655e+00
==========

 MC-move log-like acc(v) acc(w)
initial log-likelihood: -934129.153839
0 -934124.646709 1.0 0.0 0.0
100 -933840.948207 0.227722772277 0.277227722772 0.0
200 -933606.834296 0.258706467662 0.283582089552 0.0
300 -933443.930979 0.295681063123 0.265780730897 0.0
400 -933184.35736 0.286783042394 0.259351620948 0.0
500 -933015.969363 0.279441117764 0.27744510978 0.0
600 -932690.040105 0.28618968386 0.274542429285 0.0
700 -932546.529798 0.289586305278 0.276747503566 0.0
800 -932413.914112 0.292134831461 0.267166042447 0.0
900 -932210.946971 0.295227524972 0.275249722531 0.0
new MC steps: 999 0.0499450302389 0.0499000999334 0.5
1000 -932149.144042 0.28971028971 0.27972027972 0.0
1100 -931993.221005 0.290644868302 0.280653950954 0.0
1200 -931847.515819 0.295587010824 0.281432139883 0.0
1300 -931701.477568 0.29900076864 0.28285933897 0.0
1400 -931458.228683 0.302640970735 0.281227694504 0.0
1500 -931155.682017 0.307794803464 0.277148567622 0.0
1600 -931009.71698 0.307307932542 0.276077451593 0.0
1700 -930843.26802 0.306878306878 0.278071722516 0.0
1800 -930700.779718 0.307606885064 0.283176013326 0.0
1900 -930614.284883 0.308784850079 0.284061020516 0.0
1999 -930486.899898 0.312 0.285 0.0
new MC steps: 1999 0.0501201441153 0.0498502247752 0.5
===== Statistics =====
nmc          2000
naccv        624
naccw        570
naccwrad     0
nacctimezero 0
accv ratio         31.2 %
accw ratio         28.5 %
accwrad ratio       0.0 %
acctimezero ratio   0.0 %
==========
naccv_coeff
       0        0   0.0 %   0.0 %
       1       54   8.7 %   2.7 %
       2       68  10.9 %   3.4 %
       3       64  10.3 %   3.2 %
       4       72  11.5 %   3.6 %
       5       73  11.7 %   3.6 %
       6       69  11.1 %   3.5 %
       7       60   9.6 %   3.0 %
       8       89  14.3 %   4.5 %
       9       75  12.0 %   3.8 %
naccw_coeff
       0       47   8.2 %   2.4 %
       1       80  14.0 %   4.0 %
       2      117  20.5 %   5.9 %
       3      103  18.1 %   5.1 %
       4      137  24.0 %   6.9 %
       5       86  15.1 %   4.3 %
===== stat v =====
VEC (21, 100)
0 0.682668487506 0.112604591231
1 0.687453702758 0.110626771453
2 0.693292813396 0.106466151442
3 0.694103197592 0.0998801096008
4 0.683786693849 0.0909231875185
5 0.658793678065 0.0803702113525
6 0.620093403971 0.0700424799048
7 0.573871824055 0.0627632255116
8 0.530622277953 0.0615588012972
9 0.502746226292 0.0682477376585
10 0.501216614804 0.0829499361471
11 0.53215472253 0.104533748467
12 0.594247989303 0.130430591842
13 0.677766114631 0.156432663937
14 0.765556536237 0.177304315165
15 0.835914088291 0.187965384255
16 0.866748294442 0.184757322706
17 0.840136415635 0.166406901304
18 0.746236338813 0.134429477664
19 0.585668497618 0.0928730509003
20 0.369824509047 0.0475489678936
21 0.119033395136 0.00866733964741
22 -0.141003402509 0.0342430383852
23 -0.383725142909 0.0600832656426
24 -0.586211210443 0.0752812563728
25 -0.732753119611 0.0812199655912
26 -0.816837296912 0.0810670697616
27 -0.841261570266 0.078577089156
28 -0.816527378933 0.0770068132086
29 -0.758003364068 0.078337700727
30 -0.682567759272 0.0829689974137
31 -0.605470678948 0.0898738178903
32 -0.538022503348 0.0971322925344
33 -0.486459778363 0.102691644091
34 -0.452037544651 0.105104554386
35 -0.432122355707 0.103998081998
36 -0.421873615602 0.100134388816
37 -0.416034177004 0.0950656111384
38 -0.410403729533 0.0905182567067
39 -0.402711487511 0.0877490308001
40 -0.392791727174 0.0871399078795
41 -0.382146691229 0.0881647575699
42 -0.373114928352 0.0896534472558
43 -0.36792523588 0.0902197351588
44 -0.367903256008 0.0887527447005
45 -0.373023510022 0.0848417233514
46 -0.381889940969 0.0789761211249
47 -0.392112460912 0.0724241092021
48 -0.400951958548 0.0668168271348
49 -0.406049997244 0.0636015434473
50 -0.406049997244 0.0636015434473
51 -0.400951958548 0.0668168271348
52 -0.392112460912 0.0724241092021
53 -0.381889940969 0.0789761211249
54 -0.373023510022 0.0848417233514
55 -0.367903256008 0.0887527447005
56 -0.36792523588 0.0902197351588
57 -0.373114928352 0.0896534472558
58 -0.382146691229 0.0881647575699
59 -0.392791727174 0.0871399078795
60 -0.402711487511 0.0877490308001
61 -0.410403729533 0.0905182567067
62 -0.416034177004 0.0950656111384
63 -0.421873615602 0.100134388816
64 -0.432122355707 0.103998081998
65 -0.452037544651 0.105104554386
66 -0.486459778363 0.102691644091
67 -0.538022503348 0.0971322925344
68 -0.605470678948 0.0898738178903
69 -0.682567759272 0.0829689974137
70 -0.758003364068 0.078337700727
71 -0.816527378933 0.0770068132086
72 -0.841261570266 0.078577089156
73 -0.816837296912 0.0810670697616
74 -0.732753119611 0.0812199655912
75 -0.586211210443 0.0752812563728
76 -0.383725142909 0.0600832656426
77 -0.141003402509 0.0342430383852
78 0.119033395136 0.00866733964741
79 0.369824509047 0.0475489678936
80 0.585668497618 0.0928730509003
81 0.746236338813 0.134429477664
82 0.840136415635 0.166406901304
83 0.866748294442 0.184757322706
84 0.835914088291 0.187965384255
85 0.765556536237 0.177304315165
86 0.677766114631 0.156432663937
87 0.594247989303 0.130430591842
88 0.53215472253 0.104533748467
89 0.501216614804 0.0829499361471
90 0.502746226292 0.0682477376585
91 0.530622277953 0.0615588012972
92 0.573871824055 0.0627632255116
93 0.620093403971 0.0700424799048
94 0.658793678065 0.0803702113525
95 0.683786693849 0.0909231875185
96 0.694103197592 0.0998801096008
97 0.693292813396 0.106466151442
98 0.687453702758 0.110626771453
99 0.682668487506 0.112604591231
===== stat v_coeff =====
VEC (21, 10)
0 0.0 0.0
1 1.34616257916 0.237225171872
2 0.696631728199 0.0558359770064
3 -1.02258790015 0.207079686946
4 -0.884618470365 0.113833340884
5 1.02379454512 0.106268225386
6 1.19110107957 0.248600135402
7 -0.218447621274 0.148491571897
8 -0.790351091312 0.0658420953891
9 -0.164125170616 0.151375538413
===== stat w =====
VEC (21, 100)
0 0.473185495182 0.143558029681
1 0.475577076997 0.145598442111
2 0.478484410789 0.148534961842
3 0.480442093908 0.151697240161
4 0.479686342978 0.154214782324
5 0.474404180666 0.155104465253
6 0.463003190676 0.153384539838
7 0.444371261746 0.148199401601
8 0.418096225025 0.138939478165
9 0.384618941558 0.125346532894
10 0.345299871138 0.107607256999
11 0.302387815263 0.0864712969432
12 0.258889514944 0.0635581009085
13 0.218349096978 0.0426348203508
14 0.18455595759 0.0337667077011
15 0.161207569994 0.044944200589
16 0.151559083525 0.0643324549593
17 0.158093871121 0.0831642162412
18 0.182248106379 0.0982348523846
19 0.224218070095 0.108094716457
20 0.282871586748 0.112094335079
21 0.355775453678 0.110160183527
22 0.439339857558 0.102709748717
23 0.529069621395 0.0905813522678
24 0.619901776232 0.0749534437696
25 0.706600421685 0.057261434285
26 0.784173976642 0.0391641480282
27 0.848277321428 0.0228332957576
28 0.895562278199 0.0132393644637
29 0.923944308054 0.0168766859201
30 0.932760823443 0.0241933923466
31 0.922806423473 0.029106756464
32 0.896241722944 0.0305927425209
33 0.856384182865 0.0287892926711
34 0.807400338854 0.0243209168691
35 0.753928009313 0.0181442445545
36 0.700663562012 0.0116308882152
37 0.651952496437 0.00746954060131
38 0.611421147807 0.00898043319881
39 0.58168327424 0.0126247044674
40 0.564148034066 0.0151982618415
41 0.558946088924 0.0159007106908
42 0.564979216759 0.0147160931287
43 0.580086977328 0.0120808747677
44 0.60131278009 0.00895253634394
45 0.625242237357 0.00720330626033
46 0.648379855639 0.00844233098298
47 0.667526582422 0.0110649316411
48 0.680120823504 0.0131748906273
49 0.684509266083 0.0139527141935
50 0.680120823504 0.0131748906273
51 0.667526582422 0.0110649316411
52 0.648379855639 0.00844233098298
53 0.625242237357 0.00720330626033
54 0.60131278009 0.00895253634394
55 0.580086977328 0.0120808747677
56 0.564979216759 0.0147160931287
57 0.558946088924 0.0159007106908
58 0.564148034066 0.0151982618415
59 0.58168327424 0.0126247044674
60 0.611421147807 0.00898043319881
61 0.651952496437 0.00746954060131
62 0.700663562012 0.0116308882152
63 0.753928009313 0.0181442445545
64 0.807400338854 0.0243209168691
65 0.856384182865 0.0287892926711
66 0.896241722944 0.0305927425209
67 0.922806423473 0.029106756464
68 0.932760823443 0.0241933923466
69 0.923944308054 0.0168766859201
70 0.895562278199 0.0132393644637
71 0.848277321428 0.0228332957576
72 0.784173976642 0.0391641480282
73 0.706600421685 0.057261434285
74 0.619901776232 0.0749534437696
75 0.529069621395 0.0905813522678
76 0.439339857558 0.102709748717
77 0.355775453678 0.110160183527
78 0.282871586748 0.112094335079
79 0.224218070095 0.108094716457
80 0.182248106379 0.0982348523846
81 0.158093871121 0.0831642162412
82 0.151559083525 0.0643324549593
83 0.161207569994 0.044944200589
84 0.18455595759 0.0337667077011
85 0.218349096978 0.0426348203508
86 0.258889514944 0.0635581009085
87 0.302387815263 0.0864712969432
88 0.345299871138 0.107607256999
89 0.384618941558 0.125346532894
90 0.418096225025 0.138939478165
91 0.444371261746 0.148199401601
92 0.463003190676 0.153384539838
93 0.474404180666 0.155104465253
94 0.479686342978 0.154214782324
95 0.480442093908 0.151697240161
96 0.478484410789 0.148534961842
97 0.475577076997 0.145598442111
98 0.473185495182 0.143558029681
99 0.472275937511 0.142830922909
===== stat w_coeff =====
VEC (21, 6)
0 0.538571439149 0.0212524623082
1 -0.38541788588 0.11447896244
2 -0.0622637616531 0.222654461532
3 0.833391970266 0.193331190962
4 0.302878749329 0.107324169371
5 -0.730534283475 0.223310276596
