options:
{'ncosDrad': 0, 'nmc_update': 1000.0, 'seed': None, 'move_timezero': False, 'ncosD': 6, 'ncosF': 10, 'reduction': False, 'dwrad': 0.5, 'pull': 0, 'dtimezero': 0.1, 'outfile': 'output/HexdWat/out.ncosf10d6.run2//out.nbins100.20.pbc.A.dat', 'nmc': 100000, 'dv': 0.05, 'dw': 0.05, 'temp_end': 1.0, 'nbins': None, 'initfile': 'output/HexdWat/out.ncosf10d6.run1//out.nbins100.20.pbc.A.dat', 'temp': 1.0, 'k': -1, 'lmax': -1, 'pbc': True, 'model': 'CosinusModel', 'D0': 1.0}
args:
['data/HexdWat/transitions.nbins100.20.pbc.A.dat']
====================
python program to extract diffusion coefficient and free energy from transition counts
copyright: Gerhard Hummer (NIH, July 2012)
adapted by An Ghysels (August 2012)

HEADER
{'count': 'pbc', 'dn': 20, 'lt': 20.0, 'edges': array([ -2.65987500e+01,  -2.60667750e+01,  -2.55348000e+01,
        -2.50028250e+01,  -2.44708500e+01,  -2.39388750e+01,
        -2.34069000e+01,  -2.28749250e+01,  -2.23429500e+01,
        -2.18109750e+01,  -2.12790000e+01,  -2.07470250e+01,
        -2.02150500e+01,  -1.96830750e+01,  -1.91511000e+01,
        -1.86191250e+01,  -1.80871500e+01,  -1.75551750e+01,
        -1.70232000e+01,  -1.64912250e+01,  -1.59592500e+01,
        -1.54272750e+01,  -1.48953000e+01,  -1.43633250e+01,
        -1.38313500e+01,  -1.32993750e+01,  -1.27674000e+01,
        -1.22354250e+01,  -1.17034500e+01,  -1.11714750e+01,
        -1.06395000e+01,  -1.01075250e+01,  -9.57555000e+00,
        -9.04357500e+00,  -8.51160000e+00,  -7.97962500e+00,
        -7.44765000e+00,  -6.91567500e+00,  -6.38370000e+00,
        -5.85172500e+00,  -5.31975000e+00,  -4.78777500e+00,
        -4.25580000e+00,  -3.72382500e+00,  -3.19185000e+00,
        -2.65987500e+00,  -2.12790000e+00,  -1.59592500e+00,
        -1.06395000e+00,  -5.31975000e-01,  -3.90798505e-14,
         5.31975000e-01,   1.06395000e+00,   1.59592500e+00,
         2.12790000e+00,   2.65987500e+00,   3.19185000e+00,
         3.72382500e+00,   4.25580000e+00,   4.78777500e+00,
         5.31975000e+00,   5.85172500e+00,   6.38370000e+00,
         6.91567500e+00,   7.44765000e+00,   7.97962500e+00,
         8.51160000e+00,   9.04357500e+00,   9.57555000e+00,
         1.01075250e+01,   1.06395000e+01,   1.11714750e+01,
         1.17034500e+01,   1.22354250e+01,   1.27674000e+01,
         1.32993750e+01,   1.38313500e+01,   1.43633250e+01,
         1.48953000e+01,   1.54272750e+01,   1.59592500e+01,
         1.64912250e+01,   1.70232000e+01,   1.75551750e+01,
         1.80871500e+01,   1.86191250e+01,   1.91511000e+01,
         1.96830750e+01,   2.02150500e+01,   2.07470250e+01,
         2.12790000e+01,   2.18109750e+01,   2.23429500e+01,
         2.28749250e+01,   2.34069000e+01,   2.39388750e+01,
         2.44708500e+01,   2.50028250e+01,   2.55348000e+01,
         2.60667750e+01,   2.65987500e+01]), 'dz': 0.531975, 'dt': 1.0}
lt 20.0
INIT MODEL
INIT COS MODEL F 10
INIT COS MODEL D 6
USING initfile for v_coeff output/HexdWat/out.ncosf10d6.run1//out.nbins100.20.pbc.A.dat 10 coeffs
USING initfile for w_coeff output/HexdWat/out.ncosf10d6.run1//out.nbins100.20.pbc.A.dat 6 coeffs
----- Settings MC -----
dv(MC-potential)= 0.05
dw(MC-logD)= 0.05
dwrad(MC-logDrad)= 0.5
temp= 1.0
n(MC)= 100000
n(update)= 1000.0
k= -1
--------------------
===== v_coeff =====
       0   0.00000e+00
       1   1.69861e+00
       2   7.91435e-01
       3  -1.40715e+00
       4  -1.36143e+00
       5   6.82683e-01
       6   1.22630e+00
       7   1.26674e-01
       8  -5.19385e-01
       9  -1.89127e-01
===== w_coeff =====
       0  -6.19059e-01
       1  -8.74707e-02
       2   1.22480e-01
       3   8.68277e-01
       4   8.58451e-01
       5   1.85510e-01
==========

 MC-move log-like acc(v) acc(w)
initial log-likelihood: -3480590.26443
0 -3480590.1324 1.0 0.0 0.0
100 -3480467.84125 0.316831683168 0.207920792079 0.0
200 -3480372.68834 0.293532338308 0.223880597015 0.0
300 -3480277.4292 0.285714285714 0.265780730897 0.0
400 -3480134.61488 0.266832917706 0.27680798005 0.0
500 -3479946.1104 0.265469061876 0.26746506986 0.0
600 -3479771.35954 0.262895174709 0.259567387687 0.0
700 -3479716.72173 0.262482168331 0.248216833096 0.0
800 -3479556.03447 0.263420724095 0.249687890137 0.0
900 -3479186.83511 0.267480577137 0.243063263041 0.0
new MC steps: 999 0.0498502247752 0.049735701011 0.5
1000 -3479018.64479 0.26973026973 0.247752247752 0.0
1100 -3478927.64737 0.264305177112 0.249772933697 0.0
1200 -3478793.59902 0.267277268943 0.243130724396 0.0
1300 -3478519.96087 0.269792467333 0.237509607994 0.0
1400 -3478510.83799 0.266952177016 0.238401142041 0.0
1500 -3478328.18871 0.267155229847 0.235842771486 0.0
1600 -3478306.52221 0.264834478451 0.239225484072 0.0
1700 -3478023.22498 0.271017048795 0.239858906526 0.0
1800 -3477955.85254 0.269294836202 0.239311493615 0.0
1900 -3477911.37215 0.27143608627 0.240925828511 0.0
new MC steps: 1999 0.0497008982027 0.049354206751 0.5
2000 -3477888.54097 0.270364817591 0.234882558721 0.0
2100 -3477714.71203 0.271299381247 0.235602094241 0.0
2200 -3477677.40039 0.275329395729 0.23489323035 0.0
2300 -3477634.77451 0.272924815298 0.236418948283 0.0
2400 -3477517.58595 0.271553519367 0.236984589754 0.0
2500 -3477461.55059 0.271891243503 0.237504998001 0.0
2600 -3477407.09311 0.269896193772 0.240676662822 0.0
2700 -3477389.78189 0.272491669752 0.240281377268 0.0
2800 -3477315.15687 0.270617636558 0.240271331667 0.0
2900 -3477286.91913 0.270596346088 0.240261978628 0.0
new MC steps: 2999 0.0495520189386 0.0490933214121 0.5
3000 -3477222.12412 0.270243252249 0.23892035988 0.0
3100 -3477165.01765 0.271202837794 0.239922605611 0.0
3200 -3477137.20768 0.269915651359 0.23992502343 0.0
3300 -3477114.60692 0.269615268101 0.240533171766 0.0
3400 -3477081.13382 0.268744486916 0.240811526022 0.0
3500 -3477076.99512 0.267637817766 0.24050271351 0.0
3600 -3477059.4649 0.268536517634 0.239655651208 0.0
3700 -3477013.18455 0.267225074304 0.239935152661 0.0
3800 -3476963.45293 0.265719547488 0.240463036043 0.0
3900 -3476863.00301 0.266341963599 0.239425788259 0.0
new MC steps: 3999 0.0493246031089 0.048804523607 0.5
4000 -3476819.64025 0.265933516621 0.239440139965 0.0
4100 -3476794.26054 0.264325774201 0.240429163619 0.0
4200 -3476769.80192 0.26374672697 0.240656986432 0.0
4300 -3476729.16543 0.265752150663 0.240409207161 0.0
4400 -3476716.43719 0.264258123154 0.241990456714 0.0
4500 -3476698.22605 0.264830037769 0.242612752722 0.0
4600 -3476662.00729 0.266898500326 0.24277331015 0.0
4700 -3476646.56774 0.268666241225 0.242927036801 0.0
4800 -3476635.37844 0.269527181837 0.243699229327 0.0
4900 -3476609.88842 0.269128749235 0.243215670271 0.0
new MC steps: 4999 0.0492457468458 0.0486437341277 0.5
5000 -3476598.33325 0.269546090782 0.244951009798 0.0
5100 -3476596.39999 0.270535189179 0.243873750245 0.0
5200 -3476588.96509 0.271101711209 0.243414727937 0.0
5300 -3476590.58441 0.270326353518 0.24316166761 0.0
5400 -3476582.97382 0.271616367339 0.243288279948 0.0
5500 -3476581.92051 0.271950554445 0.242683148518 0.0
5600 -3476581.87008 0.272272808427 0.242278164613 0.0
5700 -3476584.4923 0.27170671812 0.242413611647 0.0
5800 -3476589.94165 0.270987760731 0.242544388898 0.0
5900 -3476582.78287 0.271987798678 0.242501270971 0.0
new MC steps: 5999 0.049162100196 0.0483092476676 0.5
6000 -3476583.8977 0.271788035327 0.242792867855 0.0
6100 -3476584.66431 0.272742173414 0.242091460416 0.0
6200 -3476584.2443 0.271569101758 0.242702789873 0.0
6300 -3476586.95056 0.271226789399 0.243770830027 0.0
6400 -3476585.74979 0.27027027027 0.243243243243 0.0
6500 -3476583.70317 0.269343177973 0.24303953238 0.0
6600 -3476585.30804 0.269353128314 0.243296470232 0.0
6700 -3476585.168 0.270108938964 0.243844202358 0.0
6800 -3476587.60762 0.270107337156 0.243934715483 0.0
6900 -3476584.46967 0.269381249094 0.245326764237 0.0
new MC steps: 6999 0.0489266875573 0.048150089905 0.5
7000 -3476585.34076 0.269104413655 0.2461076989 0.0
7100 -3476581.05052 0.269257851007 0.245740036615 0.0
7200 -3476585.44916 0.2692681572 0.246771281766 0.0
7300 -3476582.876 0.269689083687 0.246815504725 0.0
7400 -3476583.26473 0.269963518443 0.246047831374 0.0
7500 -3476588.09877 0.269564058126 0.245833888815 0.0
7600 -3476580.22325 0.269832916721 0.246151822129 0.0
7700 -3476587.05119 0.269964939618 0.247110764836 0.0
7800 -3476589.88355 0.27022176644 0.246891424176 0.0
7900 -3476587.18965 0.269712694596 0.247310467029 0.0
new MC steps: 7999 0.048804523607 0.0479291081392 0.5
8000 -3476585.05553 0.269841269841 0.247094113236 0.0
8100 -3476580.58938 0.269719787681 0.247870633255 0.0
8200 -3476582.29369 0.269723204487 0.248018534325 0.0
8300 -3476585.47076 0.27069027828 0.24804240453 0.0
8400 -3476587.7763 0.270682061659 0.248541840257 0.0
8500 -3476582.18586 0.27032113869 0.248911892719 0.0
8600 -3476580.92015 0.270201139402 0.248808278107 0.0
8700 -3476584.48454 0.270313757039 0.249626479715 0.0
8800 -3476582.02718 0.270423815476 0.249289853426 0.0
8900 -3476581.37404 0.26996966633 0.249634872486 0.0
new MC steps: 8999 0.0486485987443 0.0477759801286 0.5
9000 -3476579.61962 0.269636707033 0.249416731474 0.0
9100 -3476581.58235 0.269311064718 0.24953301835 0.0
9200 -3476583.81022 0.270188023041 0.248559939137 0.0
9300 -3476580.41577 0.270078486184 0.24879045264 0.0
9400 -3476585.20576 0.269545793001 0.249867035422 0.0
9500 -3476583.97212 0.269550573624 0.250394695295 0.0
9600 -3476583.62065 0.270284345381 0.250078116863 0.0
9700 -3476583.33944 0.2704875786 0.249974229461 0.0
9800 -3476589.96284 0.270788695031 0.249566370778 0.0
9900 -3476585.98833 0.271386728613 0.250378749621 0.0
new MC steps: 9999 0.0485853966562 0.0475567153157 0.5
10000 -3476582.62796 0.271372862714 0.249875012499 0.0
10100 -3476580.73435 0.271458271458 0.250371250371 0.0
10200 -3476583.61918 0.271738064896 0.249485344574 0.0
10300 -3476585.23295 0.271332880303 0.24939326279 0.0
10400 -3476583.85591 0.271127776175 0.250264397654 0.0
10500 -3476582.86769 0.271117036473 0.249690505666 0.0
10600 -3476582.69908 0.270729176493 0.249599094425 0.0
10700 -3476583.73374 0.270535463975 0.249509391646 0.0
10800 -3476591.86161 0.270530506435 0.249884269975 0.0
10900 -3476582.78895 0.270066966333 0.250802678653 0.0
new MC steps: 10999 0.0483962826213 0.0473431908871 0.5
11000 -3476582.78284 0.270339060085 0.250340878102 0.0
11100 -3476583.6822 0.270155841816 0.250157643456 0.0
11200 -3476582.1396 0.26970806178 0.250513347023 0.0
11300 -3476583.85667 0.269268206353 0.250862755508 0.0
11400 -3476582.88651 0.26962547145 0.250592053329 0.0
11500 -3476583.43476 0.269454830015 0.25093470133 0.0
11600 -3476579.4965 0.269545728816 0.250840444789 0.0
11700 -3476581.90412 0.269549611144 0.251260576019 0.0
11800 -3476582.81487 0.269977120583 0.251588848403 0.0
11900 -3476583.00719 0.270817578355 0.251575497857 0.0
new MC steps: 11999 0.0482850990814 0.0471824973718 0.5
12000 -3476580.74404 0.270894092159 0.251729022581 0.0
12100 -3476584.29552 0.270969341377 0.251714734319 0.0
12200 -3476585.4196 0.270797475617 0.251782640767 0.0
12300 -3476586.64816 0.270709698399 0.251361677912 0.0
12400 -3476590.62203 0.270865252802 0.251350697524 0.0
12500 -3476582.70968 0.270938324934 0.251259899208 0.0
12600 -3476585.96628 0.271407031188 0.250694389334 0.0
12700 -3476586.19105 0.271868356822 0.250610188174 0.0
12800 -3476585.61415 0.272556831498 0.250449183658 0.0
12900 -3476591.2431 0.272459499264 0.25021316177 0.0
new MC steps: 12999 0.0482416620418 0.0468627447806 0.5
13000 -3476586.59837 0.272517498654 0.25013460503 0.0
13100 -3476586.43159 0.273490573239 0.250362567743 0.0
13200 -3476584.73246 0.273615635179 0.250208317552 0.0
13300 -3476580.33837 0.273513269679 0.250357116006 0.0
13400 -3476583.96213 0.273561674502 0.250279829863 0.0
13500 -3476581.27013 0.273609362269 0.250425894378 0.0
13600 -3476581.22927 0.273582824792 0.250937431071 0.0
13700 -3476581.148 0.273118750456 0.251149551128 0.0
13800 -3476582.91188 0.273675820593 0.250634012028 0.0
13900 -3476581.73309 0.274512624991 0.250557513848 0.0
new MC steps: 13999 0.0482561367115 0.0466663340039 0.5
14000 -3476585.79198 0.274623241197 0.25069637883 0.0
14100 -3476585.69688 0.275086873271 0.250336855542 0.0
14200 -3476582.91372 0.275051052743 0.250264065911 0.0
14300 -3476586.31 0.274596182085 0.250541920145 0.0
14400 -3476583.63956 0.275119783348 0.250677036317 0.0
14500 -3476584.22167 0.275015516171 0.250948210468 0.0
14600 -3476582.45024 0.274844188754 0.25101020478 0.0
14700 -3476586.13583 0.274879259914 0.25107135569 0.0
14800 -3476589.32861 0.274981420174 0.251199243294 0.0
14900 -3476589.63037 0.275417757198 0.251392523992 0.0
new MC steps: 14999 0.0481886253891 0.046503287333 0.5
15000 -3476588.9024 0.275381641224 0.251649890007 0.0
15100 -3476581.87047 0.275346003576 0.251307860407 0.0
15200 -3476581.38286 0.275179264522 0.250575620025 0.0
15300 -3476583.17037 0.275537546566 0.250571858048 0.0
15400 -3476582.21432 0.27530679826 0.250957730018 0.0
15500 -3476581.99714 0.275014515193 0.250758015612 0.0
15600 -3476587.56909 0.274982372925 0.250624959938 0.0
15700 -3476581.36272 0.275141710719 0.250684669766 0.0
15800 -3476582.27179 0.275109170306 0.250680336688 0.0
15900 -3476583.23872 0.274825482674 0.251053392868 0.0
new MC steps: 15999 0.048044276145 0.0462204807174 0.5
16000 -3476587.74035 0.275045309668 0.250921817386 0.0
16100 -3476586.78104 0.274641326626 0.251040308055 0.0
16200 -3476581.18507 0.274550953645 0.251095611382 0.0
16300 -3476582.79034 0.274707073186 0.251027544322 0.0
16400 -3476583.48642 0.274800317054 0.251204194866 0.0
16500 -3476583.87099 0.274892430762 0.250893885219 0.0
16600 -3476582.16217 0.274561773387 0.250707788687 0.0
16700 -3476579.02587 0.274354829052 0.250943057302 0.0
16800 -3476582.38977 0.274507469793 0.250461282067 0.0
16900 -3476580.03458 0.274480799953 0.250399384652 0.0
new MC steps: 16999 0.0478859913473 0.0459577734044 0.5
17000 -3476579.9546 0.274572083995 0.250455855538 0.0
17100 -3476580.03818 0.2739605871 0.250920998772 0.0
17200 -3476581.65498 0.274111970234 0.250857508284 0.0
17300 -3476582.33721 0.274203803248 0.250679151494 0.0
17400 -3476583.82459 0.274179644848 0.250215504856 0.0
17500 -3476583.38145 0.27421290212 0.249985715102 0.0
17600 -3476587.52705 0.274188966536 0.249474461678 0.0
17700 -3476583.45832 0.274504265296 0.24942093667 0.0
17800 -3476586.79656 0.274310431998 0.249424189652 0.0
17900 -3476580.00936 0.274453941121 0.249539131892 0.0
new MC steps: 17999 0.0477282280285 0.0456691495517 0.5
18000 -3476582.19131 0.274151436031 0.249652797067 0.0
18100 -3476585.90099 0.274073255621 0.249709960776 0.0
18200 -3476583.49989 0.274050876325 0.249821438383 0.0
18300 -3476580.45544 0.274028741599 0.249986339544 0.0
18400 -3476585.07799 0.274061192327 0.249769034292 0.0
18500 -3476583.00715 0.274525701313 0.249500027026 0.0
18600 -3476585.14868 0.274931455298 0.249556475458 0.0
18700 -3476582.19997 0.274958558366 0.249291481739 0.0
18800 -3476585.5516 0.275198127759 0.249986702835 0.0
18900 -3476588.19565 0.275329347654 0.25003968044 0.0
new MC steps: 18999 0.0477186833374 0.0454822893637 0.5
19000 -3476583.80278 0.275459186359 0.250144729225 0.0
19100 -3476585.80829 0.275587665567 0.25014397152 0.0
19200 -3476583.81028 0.2756627259 0.25029946357 0.0
19300 -3476586.60096 0.275840630019 0.250297912025 0.0
19400 -3476581.323 0.275604350291 0.25055409515 0.0
19500 -3476585.67713 0.275319214399 0.250756371468 0.0
19600 -3476581.08751 0.27544513035 0.250752512627 0.0
19700 -3476582.70471 0.274960661895 0.251053246028 0.0
19800 -3476582.60922 0.274885106813 0.251199434372 0.0
19900 -3476582.63225 0.274860559771 0.251695894679 0.0
new MC steps: 19999 0.0475472049237 0.0454141170717 0.5
20000 -3476583.71737 0.274836258187 0.25188740563 0.0
20100 -3476584.6999 0.274812198398 0.252077011094 0.0
20200 -3476583.60846 0.275233899312 0.25206672937 0.0
20300 -3476581.31961 0.274961824541 0.252056548938 0.0
20400 -3476581.133 0.274790451448 0.252291554336 0.0
20500 -3476580.67931 0.274962196966 0.2518901517 0.0
20600 -3476584.63959 0.27459832047 0.251880976652 0.0
20700 -3476585.1094 0.27462441428 0.251920197092 0.0
20800 -3476582.80696 0.274554107976 0.251766741984 0.0
20900 -3476584.7156 0.274867231233 0.251758289077 0.0
new MC steps: 20999 0.0474237427613 0.0451876132178 0.5
21000 -3476582.67108 0.274796438265 0.251797533451 0.0
21100 -3476585.17889 0.275010663002 0.251599450263 0.0
21200 -3476586.44702 0.274939861327 0.251827743974 0.0
21300 -3476584.46191 0.274728885968 0.251772217267 0.0
21400 -3476581.34202 0.274800242979 0.251857389842 0.0
21500 -3476580.39771 0.275196502488 0.251802241756 0.0
21600 -3476581.21924 0.27470950419 0.251701310125 0.0
21700 -3476581.84015 0.27496428736 0.251739551173 0.0
21800 -3476582.51752 0.275033255355 0.251548094124 0.0
21900 -3476583.67897 0.274873293457 0.251495365508 0.0
new MC steps: 21999 0.0473195252085 0.0449487524081 0.5
22000 -3476589.07526 0.274942048089 0.25157947366 0.0
22100 -3476587.3305 0.275055427356 0.251708067508 0.0
22200 -3476583.34696 0.275077699203 0.251925588937 0.0
22300 -3476584.42461 0.275503340657 0.251782431281 0.0
22400 -3476582.85823 0.275166287219 0.251685192625 0.0
22500 -3476584.85488 0.275187769432 0.25185547309 0.0
22600 -3476583.86848 0.275076324056 0.251581788416 0.0
22700 -3476585.48493 0.274921809612 0.251618871415 0.0
22800 -3476584.90236 0.274812508223 0.251611771414 0.0
22900 -3476584.47041 0.274791493821 0.251517400987 0.0
new MC steps: 22999 0.047191934815 0.0447514123639 0.5
23000 -3476584.68053 0.274857614886 0.251771662102 0.0
23100 -3476585.39123 0.274620146314 0.251850569239 0.0
23200 -3476588.52489 0.274212318435 0.251842592992 0.0
23300 -3476584.40014 0.274537573495 0.252049268272 0.0
23400 -3476581.59959 0.274347250118 0.252382376822 0.0
23500 -3476581.9065 0.274584060253 0.252159482575 0.0
23600 -3476581.52244 0.27447989492 0.252192703699 0.0
23700 -3476582.97821 0.274714147082 0.252014682925 0.0
23800 -3476580.8374 0.274526280408 0.252258308474 0.0
23900 -3476587.22207 0.274883896071 0.251830467344 0.0
new MC steps: 23999 0.0471117766796 0.0445237611649 0.5
24000 -3476587.84875 0.275196866797 0.251656180992 0.0
24100 -3476584.85771 0.274843367495 0.251607817103 0.0
24200 -3476586.15726 0.2747820338 0.251601173505 0.0
24300 -3476586.30628 0.275050409448 0.251512283445 0.0
24400 -3476585.97652 0.275111675751 0.251506085816 0.0
24500 -3476581.52426 0.275009183299 0.251581568099 0.0
24600 -3476584.40246 0.275029470347 0.251331246697 0.0
24700 -3476582.71605 0.275171045707 0.251325857253 0.0
24800 -3476582.36052 0.274908269828 0.251199548405 0.0
24900 -3476582.18071 0.274567286454 0.251234890165 0.0
new MC steps: 24999 0.0469330916448 0.0442884094636 0.5
25000 -3476582.04375 0.274669013239 0.251469941202 0.0
25100 -3476586.17776 0.274411378033 0.251663280347 0.0
25200 -3476587.05862 0.274274830364 0.251696361256 0.0
25300 -3476581.45494 0.274060313822 0.251768704794 0.0
25400 -3476584.95106 0.274004960435 0.252076689894 0.0
25500 -3476584.88539 0.273871612878 0.25261754441 0.0
25600 -3476587.70053 0.273700246084 0.252529198078 0.0
25700 -3476586.18224 0.273919302751 0.252363721256 0.0
25800 -3476582.72063 0.274059144994 0.252470834464 0.0
25900 -3476585.06536 0.2745067758 0.252345469287 0.0
new MC steps: 25999 0.0468018627943 0.0441866631749 0.5
26000 -3476584.58126 0.274566362832 0.252451828776 0.0
26100 -3476581.27163 0.274587180568 0.252633998697 0.0
26200 -3476584.16036 0.274760505324 0.252509446204 0.0
26300 -3476585.57507 0.2747804266 0.252690011787 0.0
26400 -3476581.39835 0.274989583728 0.252641945381 0.0
26500 -3476578.0585 0.27481981812 0.252669710577 0.0
26600 -3476584.8641 0.274651328897 0.252885229879 0.0
26700 -3476582.0135 0.274671360623 0.252687165275 0.0
26800 -3476583.34421 0.274616618783 0.252901011156 0.0
26900 -3476583.83707 0.274302070555 0.253038920486 0.0
new MC steps: 26999 0.046629015866 0.0440410875184 0.5
27000 -3476580.0912 0.274175030554 0.252990629977 0.0
27100 -3476585.57258 0.274085827091 0.253274786908 0.0
27200 -3476583.03136 0.273960516157 0.253373037756 0.0
27300 -3476582.25507 0.273762865829 0.253433940149 0.0
27400 -3476586.61762 0.273749133243 0.25360388307 0.0
27500 -3476580.37982 0.273880949784 0.253445329261 0.0
27600 -3476581.46202 0.273939350024 0.253396616065 0.0
27700 -3476583.70745 0.274069528176 0.253637052814 0.0
27800 -3476583.19165 0.274522499191 0.253372180857 0.0
27900 -3476583.17784 0.274183721014 0.25339593563 0.0
new MC steps: 27999 0.0465172404121 0.0438652750277 0.5
28000 -3476584.01354 0.274204492697 0.25324095568 0.0
28100 -3476587.09924 0.274225116544 0.253193836518 0.0
28200 -3476584.29875 0.274281053863 0.252898833375 0.0
28300 -3476583.12537 0.27430126144 0.252994593831 0.0
28400 -3476586.31393 0.274321326714 0.253160099996 0.0
28500 -3476583.11048 0.274446510649 0.253113925827 0.0
28600 -3476583.53602 0.274361036327 0.253138002168 0.0
28700 -3476584.83079 0.274241315634 0.253301278701 0.0
28800 -3476582.40621 0.274122426305 0.253359258359 0.0
28900 -3476582.25453 0.274281166742 0.253313034151 0.0
new MC steps: 28999 0.0464242989037 0.0436639581464 0.5
29000 -3476587.01951 0.274404330885 0.25326712872 0.0
29100 -3476591.66349 0.274251743926 0.253084086458 0.0
29200 -3476585.62541 0.274374165268 0.253176261087 0.0
29300 -3476580.91714 0.274154465718 0.25326780656 0.0
29400 -3476584.94486 0.274072310466 0.253494779089 0.0
29500 -3476586.01182 0.274126300803 0.253618521406 0.0
29600 -3476587.46263 0.274179926354 0.253471166515 0.0
29700 -3476589.47693 0.274199521902 0.253661492879 0.0
29800 -3476589.26762 0.274118318177 0.253816986007 0.0
29900 -3476586.42048 0.274037657603 0.253904551687 0.0
new MC steps: 29999 0.0462806064156 0.0435331625635 0.5
30000 -3476587.77514 0.274224192527 0.253824872504 0.0
30100 -3476582.02848 0.274210159131 0.254210823561 0.0
30200 -3476583.88899 0.274229330155 0.254527995762 0.0
30300 -3476582.38182 0.274281376852 0.254645061219 0.0
30400 -3476584.27784 0.274333081149 0.254629781915 0.0
30500 -3476586.09545 0.274450018032 0.254417887938 0.0
30600 -3476582.27986 0.274435475965 0.254468808209 0.0
30700 -3476583.43213 0.274551317547 0.254519396762 0.0
30800 -3476586.69924 0.274601473978 0.254439790916 0.0
30900 -3476587.91158 0.274554221546 0.254425423125 0.0
new MC steps: 30999 0.0462435967363 0.0433940790955 0.5
31000 -3476581.76629 0.274797587175 0.254314376956 0.0
31100 -3476581.96817 0.27462139481 0.254332658114 0.0
31200 -3476583.83513 0.274446331848 0.254382872344 0.0
31300 -3476585.30287 0.274368231047 0.254688348615 0.0
31400 -3476580.45497 0.274290627687 0.254609725805 0.0
31500 -3476586.40039 0.274467477223 0.254595092219 0.0
31600 -3476585.60862 0.274516629221 0.254738774089 0.0
31700 -3476590.26823 0.274439292136 0.254850004732 0.0
31800 -3476581.64795 0.274110877016 0.254960535832 0.0
31900 -3476581.42013 0.274066643679 0.25500768001 0.0
new MC steps: 31999 0.0460359680658 0.043294387403 0.5
32000 -3476586.41611 0.274210180932 0.254992031499 0.0
32100 -3476584.72757 0.274415127255 0.254914177128 0.0
32200 -3476586.01522 0.274432471041 0.254774696438 0.0
32300 -3476582.21974 0.274263954676 0.254945667317 0.0
32400 -3476582.39713 0.274312521218 0.254837813648 0.0
32500 -3476581.04236 0.274391557183 0.254669087105 0.0
32600 -3476584.76475 0.27431673875 0.254838808626 0.0
32700 -3476586.20164 0.274395278432 0.254976912021 0.0
32800 -3476583.69752 0.274503826103 0.254870278345 0.0
32900 -3476592.80726 0.274733290781 0.254794687092 0.0
new MC steps: 32999 0.045999154019 0.0431172438071 0.5
33000 -3476579.99041 0.274749250023 0.25511348141 0.0
33100 -3476584.87597 0.274704691701 0.255037612157 0.0
33200 -3476581.86465 0.274810999669 0.255112797807 0.0
33300 -3476582.53791 0.274796552656 0.255007357136 0.0
33400 -3476585.39799 0.274931888267 0.254902547828 0.0
33500 -3476584.52829 0.274827617086 0.25503716307 0.0
33600 -3476585.4399 0.274902532663 0.255230499092 0.0
33700 -3476584.55072 0.27506602178 0.255244651494 0.0
33800 -3476584.41764 0.275198958611 0.255081210615 0.0
33900 -3476582.69973 0.275390106487 0.25503672458 0.0
new MC steps: 33999 0.0459899551081 0.0429064860906 0.5
34000 -3476584.55842 0.275433075498 0.254992500221 0.0
34100 -3476579.33616 0.275417143192 0.2550951585 0.0
34200 -3476583.24074 0.275313587322 0.2550510219 0.0
34300 -3476584.14433 0.275094020582 0.255007142649 0.0
34400 -3476582.91186 0.274962937124 0.25505072527 0.0
34500 -3476581.38449 0.274890582882 0.254920147242 0.0
34600 -3476581.81431 0.274876448658 0.254934828473 0.0
34700 -3476581.32755 0.27506411919 0.254632431342 0.0
34800 -3476583.10754 0.274963363122 0.254676589753 0.0
34900 -3476586.74294 0.274662617117 0.254921062434 0.0
new MC steps: 34999 0.0457926228695 0.0426967585608 0.5
35000 -3476586.95317 0.274877860633 0.254907002657 0.0
35100 -3476580.98614 0.274636050255 0.254750576907 0.0
35200 -3476587.7651 0.274566063464 0.254793897901 0.0
35300 -3476586.07369 0.274411489759 0.254921956885 0.0
35400 -3476579.56205 0.274596762803 0.254738566707 0.0
35500 -3476582.01912 0.274696487423 0.254640714346 0.0
35600 -3476584.559 0.274711384512 0.254852391787 0.0
35700 -3476587.35294 0.274782218985 0.254922831293 0.0
35800 -3476589.09452 0.274908522108 0.254853216391 0.0
35900 -3476588.72473 0.274866995348 0.25492326119 0.0
new MC steps: 35999 0.0456691495517 0.0425135566654 0.5
36000 -3476581.99295 0.274825699286 0.254965139857 0.0
36100 -3476586.32278 0.275117032769 0.254868286197 0.0
36200 -3476584.80189 0.275130521256 0.254799591172 0.0
36300 -3476587.4038 0.275309220132 0.254758822071 0.0
36400 -3476582.97193 0.275377050081 0.254883107607 0.0
36500 -3476583.69471 0.275307525821 0.255088901674 0.0
36600 -3476583.68469 0.27542963307 0.255129641267 0.0
36700 -3476581.42147 0.275360344405 0.255279147707 0.0
36800 -3476581.40285 0.275318605473 0.255264802587 0.0
36900 -3476583.94737 0.275520988591 0.255440231972 0.0
new MC steps: 36999 0.045650885545 0.0423989248849 0.5
37000 -3476585.12088 0.275397962217 0.255452555336 0.0
37100 -3476584.7786 0.275383412846 0.255437858818 0.0
37200 -3476579.17865 0.275395822693 0.255342598317 0.0
37300 -3476582.30719 0.275649446396 0.255167421785 0.0
37400 -3476579.80251 0.27574129034 0.255180342772 0.0
37500 -3476581.25781 0.275619316818 0.25529985867 0.0
37600 -3476590.34713 0.275577777187 0.255471928938 0.0
37700 -3476580.80047 0.275828227368 0.255536988409 0.0
37800 -3476581.92374 0.275786354858 0.255522340679 0.0
37900 -3476581.76468 0.275639165194 0.255613308356 0.0
new MC steps: 37999 0.0455733449677 0.0422381147032 0.5
38000 -3476581.91283 0.275624325676 0.255598536881 0.0
38100 -3476585.79351 0.275714548175 0.255583842944 0.0
38200 -3476585.52653 0.275961362268 0.255569225936 0.0
38300 -3476588.24843 0.27594579776 0.255659121172 0.0
38400 -3476586.49005 0.275982396292 0.255592302284 0.0
38500 -3476586.13105 0.276148671463 0.255473883795 0.0
38600 -3476581.00813 0.276288179063 0.255433797052 0.0
38700 -3476580.92072 0.276220252707 0.2556264696 0.0
38800 -3476582.05464 0.276333084199 0.255818149017 0.0
38900 -3476581.98757 0.276368216755 0.25588031156 0.0
new MC steps: 38999 0.0456006971795 0.0421158016103 0.5
39000 -3476582.81755 0.276377528781 0.256019076434 0.0
39100 -3476581.4989 0.276463517557 0.256285005499 0.0
39200 -3476586.35977 0.276549067626 0.25626897273 0.0
39300 -3476584.77263 0.27645606982 0.256380244777 0.0
39400 -3476584.56348 0.276388924139 0.25646557194 0.0
39500 -3476582.26095 0.276448697501 0.256525151262 0.0
39600 -3476580.20814 0.276432413323 0.256483422136 0.0
39700 -3476581.43643 0.276441399461 0.256492279791 0.0
39800 -3476581.74666 0.276475465441 0.256425717947 0.0
39900 -3476580.0246 0.276609608782 0.256459737851 0.0
new MC steps: 39999 0.0455277944018 0.0420274512272 0.5
40000 -3476584.42294 0.276568085798 0.256568585785 0.0
40100 -3476579.39492 0.276576643974 0.256676890851 0.0
40200 -3476583.87964 0.276659784582 0.256734907092 0.0
40300 -3476589.23859 0.276568819632 0.256891888539 0.0
40400 -3476586.28669 0.276527808718 0.256949085419 0.0
40500 -3476585.81734 0.276610454063 0.257005999852 0.0
40600 -3476583.09394 0.276544912687 0.256914854314 0.0
40700 -3476584.12093 0.276700818162 0.256725878971 0.0
40800 -3476585.24059 0.276855959413 0.25680743119 0.0
40900 -3476584.48164 0.276961443485 0.256766338231 0.0
new MC steps: 40999 0.0455050361946 0.0418764244142 0.5
41000 -3476579.73376 0.277017633716 0.25674983537 0.0
41100 -3476580.26937 0.276830247439 0.256879394662 0.0
41200 -3476583.43933 0.277080653382 0.256765612485 0.0
41300 -3476582.09341 0.277281421757 0.256773443742 0.0
41400 -3476580.3841 0.277408758243 0.256636313133 0.0
41500 -3476581.56495 0.277415002048 0.256740801426 0.0
41600 -3476583.39581 0.277373140069 0.256796711618 0.0
41700 -3476580.48851 0.277283518381 0.256900314141 0.0
41800 -3476585.52134 0.27724217124 0.25681203799 0.0
41900 -3476581.9008 0.27710555834 0.256915109425 0.0
new MC steps: 41999 0.0454641000861 0.0416842352359 0.5
42000 -3476579.9056 0.277350539273 0.256684364658 0.0
42100 -3476583.09546 0.277285575164 0.256525973255 0.0
42200 -3476585.88084 0.27707874221 0.256652685955 0.0
42300 -3476582.43946 0.27706200799 0.256755159452 0.0
42400 -3476581.90027 0.2771868588 0.256809980897 0.0
42500 -3476587.72592 0.277099362368 0.256888073222 0.0
42600 -3476582.48873 0.277035750334 0.257083167062 0.0
42700 -3476582.64947 0.277019273553 0.257324184445 0.0
42800 -3476579.53232 0.277072965585 0.257307072265 0.0
42900 -3476582.72002 0.27705647887 0.257383277779 0.0
new MC steps: 42999 0.0453188474939 0.0416384077869 0.5
43000 -3476581.10043 0.277133089928 0.257435873584 0.0
43100 -3476582.25001 0.277278949444 0.25739542006 0.0
43200 -3476584.33779 0.277169509965 0.257308858591 0.0
43300 -3476584.49669 0.277152952588 0.257361261865 0.0
43400 -3476581.78447 0.27713647151 0.257597751204 0.0
43500 -3476579.50837 0.277097078228 0.257557297533 0.0
43600 -3476587.17312 0.277264282929 0.257585835187 0.0
43700 -3476585.90784 0.277179011922 0.25766000778 0.0
43800 -3476585.01767 0.276979977626 0.25757402799 0.0
43900 -3476588.19752 0.27703241384 0.257716225143 0.0
new MC steps: 43999 0.0451785765989 0.0415136797491 0.5
44000 -3476583.97452 0.276970977932 0.257721415422 0.0
44100 -3476583.54205 0.276955171085 0.257749257386 0.0
44200 -3476581.33697 0.276826316147 0.257663853759 0.0
44300 -3476581.21147 0.276810907203 0.2576239814 0.0
44400 -3476583.5253 0.276637913561 0.257741942749 0.0
44500 -3476588.86711 0.276802768477 0.257747016921 0.0
44600 -3476583.95721 0.276809936997 0.257819331405 0.0
44700 -3476583.94523 0.276749960851 0.257801838885 0.0
44800 -3476581.90659 0.276779536171 0.257784424455 0.0
44900 -3476583.26486 0.27692033585 0.257722545155 0.0
new MC steps: 44999 0.0450387398703 0.0413396879327 0.5
45000 -3476582.7411 0.276793849026 0.257727606053 0.0
45100 -3476583.82608 0.276734440478 0.257599609765 0.0
45200 -3476580.72978 0.276763788412 0.25742793301 0.0
45300 -3476586.73419 0.276748857641 0.257499834441 0.0
45400 -3476585.39135 0.276733992643 0.257373185613 0.0
45500 -3476584.59015 0.276719192985 0.257291048548 0.0
45600 -3476585.08909 0.276638670205 0.257318918445 0.0
45700 -3476586.96129 0.276514737095 0.257434191812 0.0
45800 -3476583.88427 0.276544180258 0.257570795397 0.0
45900 -3476585.43719 0.276377420971 0.257619659702 0.0
new MC steps: 45999 0.0448634308596 0.0411458472818 0.5
46000 -3476588.47442 0.276428773288 0.257646572901 0.0
46100 -3476585.70574 0.276588360339 0.257673369341 0.0
46200 -3476583.39274 0.276639033787 0.257656760676 0.0
46300 -3476587.80204 0.276559901514 0.257683419365 0.0
46400 -3476584.54366 0.2765457641 0.257774616926 0.0
46500 -3476584.01382 0.276617707146 0.257800907507 0.0
46600 -3476585.25936 0.27668934143 0.257762708955 0.0
46700 -3476581.47694 0.276696430483 0.25772467399 0.0
46800 -3476582.70022 0.276575286853 0.257857738083 0.0
46900 -3476584.27701 0.276497302829 0.25799023475 0.0
new MC steps: 46999 0.0447648398017 0.0410390070314 0.5
47000 -3476582.63319 0.276462202932 0.257973234612 0.0
47100 -3476583.42207 0.276597099849 0.258083692491 0.0
47200 -3476581.89449 0.276625495223 0.258087752378 0.0
47300 -3476580.25968 0.276548064523 0.25819750111 0.0
47400 -3476579.80395 0.276470960528 0.258264593574 0.0
47500 -3476582.63281 0.276625755247 0.258415612303 0.0
47600 -3476581.98917 0.27665385181 0.258292893006 0.0
47700 -3476585.50314 0.276618938806 0.258317435693 0.0
47800 -3476586.1225 0.276626012008 0.258320955629 0.0
47900 -3476582.85754 0.276612179286 0.258407966431 0.0
new MC steps: 47999 0.0446977428772 0.0409488204575 0.5
48000 -3476584.9385 0.276660902898 0.258390450199 0.0
48100 -3476581.28958 0.276667844743 0.258393796387 0.0
48200 -3476587.67423 0.27663326487 0.25848011452 0.0
48300 -3476580.79191 0.276764456222 0.258441854206 0.0
48400 -3476583.92742 0.276750480362 0.25856903783 0.0
48500 -3476587.64516 0.276633471475 0.258592606338 0.0
48600 -3476583.77922 0.276496368387 0.258574926442 0.0
48700 -3476582.37197 0.2763803618 0.258557319152 0.0
48800 -3476583.71899 0.276531218623 0.258478309871 0.0
48900 -3476583.90739 0.276476963661 0.258542770087 0.0
new MC steps: 48999 0.0445861380842 0.0408057501051 0.5
49000 -3476586.97984 0.276606599865 0.258525336218 0.0
49100 -3476580.24202 0.27663387711 0.258569071913 0.0
49200 -3476580.36403 0.276600069104 0.258490681084 0.0
49300 -3476582.90106 0.276789517454 0.258432891828 0.0
49400 -3476584.22222 0.276876986296 0.258375336532 0.0
49500 -3476584.95875 0.276701480778 0.258560433123 0.0
49600 -3476583.1852 0.276728291768 0.258563335417 0.0
49700 -3476581.27985 0.276795235508 0.258707068268 0.0
49800 -3476582.95178 0.276620951387 0.258810064055 0.0
49900 -3476587.46597 0.276627722891 0.25893268672 0.0
new MC steps: 49999 0.0444837078065 0.040695723183 0.5
50000 -3476582.1791 0.276614467711 0.258814823704 0.0
50100 -3476582.73366 0.276701063851 0.258837148959 0.0
50200 -3476584.08924 0.276906834525 0.258919145037 0.0
50300 -3476587.20775 0.276853342876 0.25888153317 0.0
50400 -3476582.46414 0.276919108748 0.25886391143 0.0
50500 -3476586.59024 0.27694501099 0.258885962654 0.0
50600 -3476585.45415 0.277049860675 0.258848639355 0.0
50700 -3476580.42242 0.277134573283 0.258870633715 0.0
50800 -3476582.04884 0.277022105864 0.258971280093 0.0
50900 -3476582.00853 0.277106540147 0.259032239052 0.0
new MC steps: 50999 0.0444703646958 0.0405981705573 0.5
51000 -3476579.44196 0.277014176193 0.259151781338 0.0
51100 -3476584.19334 0.277098295532 0.259173010313 0.0
51200 -3476579.82739 0.276908654128 0.259272279838 0.0
51300 -3476584.05141 0.277012144013 0.259176234381 0.0
51400 -3476584.93836 0.277134686096 0.259158382133 0.0
51500 -3476581.79467 0.276887827421 0.259295936001 0.0
51600 -3476581.75342 0.276738822891 0.259355438848 0.0
51700 -3476585.71768 0.276667762713 0.259356685557 0.0
51800 -3476585.9862 0.276732109419 0.259473755333 0.0
51900 -3476589.40377 0.276776940714 0.259397699466 0.0
new MC steps: 51999 0.044266270794 0.0405089527577 0.5
52000 -3476585.15701 0.276590834792 0.259514240111 0.0
52100 -3476582.49371 0.27655899119 0.259515172454 0.0
52200 -3476583.1433 0.276508112871 0.259592728109 0.0
52300 -3476588.53006 0.276514789392 0.259765587656 0.0
52400 -3476592.26186 0.276445106009 0.259880536631 0.0
52500 -3476583.6342 0.276375688082 0.259956953201 0.0
52600 -3476586.85951 0.276211478869 0.259995057128 0.0
52700 -3476583.72506 0.276104817745 0.259995066507 0.0
52800 -3476582.36256 0.27613113388 0.25995719778 0.0
52900 -3476580.09442 0.276081737585 0.25995727869 0.0
new MC steps: 52999 0.0440498966168 0.0404280158161 0.5
53000 -3476583.98216 0.276089130394 0.259900756589 0.0
53100 -3476582.76312 0.276058831284 0.259863279411 0.0
53200 -3476583.86077 0.276254205748 0.259901129678 0.0
53300 -3476586.83244 0.276261233373 0.259995122043 0.0
53400 -3476581.94208 0.27613715099 0.260051309901 0.0
53500 -3476583.09782 0.276163062373 0.260107287714 0.0
53600 -3476581.25255 0.276188877073 0.260200369396 0.0
53700 -3476580.1492 0.276307703767 0.260255861157 0.0
53800 -3476586.44823 0.276426088734 0.260199624542 0.0
53900 -3476588.22905 0.276488376839 0.260273464314 0.0
new MC steps: 53999 0.0440543018267 0.0403432060643 0.5
54000 -3476586.46803 0.276550434251 0.260254439733 0.0
54100 -3476587.78184 0.276741649877 0.260217001534 0.0
54200 -3476583.55764 0.276803011015 0.260179701482 0.0
54300 -3476584.53014 0.276772066813 0.260234618147 0.0
54400 -3476584.27583 0.276741236374 0.260215804857 0.0
54500 -3476585.48875 0.276857305371 0.260068622594 0.0
54600 -3476587.12272 0.276899690482 0.26010512628 0.0
54700 -3476587.19215 0.276960201824 0.259976965686 0.0
54800 -3476584.23461 0.276929253116 0.259995255561 0.0
54900 -3476585.24127 0.276843773337 0.260013478807 0.0
new MC steps: 54999 0.0440278771738 0.0401620694999 0.5
55000 -3476584.02284 0.276867693315 0.260177087689 0.0
55100 -3476585.08271 0.276800784015 0.260303805739 0.0
55200 -3476587.01105 0.276915273274 0.260357602217 0.0
55300 -3476580.93069 0.276957017052 0.260230375581 0.0
55400 -3476582.23038 0.276926409271 0.260211909532 0.0
55500 -3476582.78152 0.277004017946 0.260301616187 0.0
55600 -3476582.07402 0.27715328861 0.260283088434 0.0
55700 -3476579.69353 0.277050681316 0.260264627206 0.0
55800 -3476580.87632 0.277038045913 0.260353757101 0.0
55900 -3476583.19276 0.276953900646 0.260335235506 0.0
new MC steps: 55999 0.043957488896 0.040073810068 0.5
56000 -3476581.71177 0.27699505366 0.260495348297 0.0
56100 -3476582.36499 0.277036059963 0.260423165362 0.0
56200 -3476581.09535 0.277130300173 0.260351239302 0.0
56300 -3476588.43402 0.27713539724 0.260315092094 0.0
56400 -3476588.48897 0.277175936597 0.26022588252 0.0
56500 -3476582.62363 0.277234031256 0.260260880338 0.0
56600 -3476581.72575 0.277203582976 0.260242751895 0.0
56700 -3476586.60538 0.277331969454 0.260383414755 0.0
56800 -3476595.31549 0.277371877256 0.260277107797 0.0
56900 -3476585.28381 0.277499516704 0.26018874888 0.0
new MC steps: 56999 0.0439882699103 0.0398340870957 0.5
57000 -3476583.78997 0.277521446992 0.26011824354 0.0
57100 -3476582.52579 0.277455736327 0.26013554929 0.0
57200 -3476581.72327 0.277477666474 0.260082865684 0.0
57300 -3476583.83227 0.277534423483 0.260135076177 0.0
57400 -3476581.34669 0.277573561436 0.260065155659 0.0
57500 -3476582.52254 0.27761256326 0.260204170362 0.0
57600 -3476583.72425 0.277651429663 0.260186455096 0.0
57700 -3476584.38656 0.277707492071 0.260203462678 0.0
57800 -3476581.5069 0.277676856802 0.260255012889 0.0
57900 -3476582.95518 0.277767223364 0.260289114178 0.0
new MC steps: 57999 0.0439355156453 0.0397425739758 0.5
58000 -3476582.74223 0.277702108584 0.260409303288 0.0
58100 -3476582.6799 0.277757697802 0.260408598819 0.0
58200 -3476581.45317 0.277710004983 0.260476624113 0.0
58300 -3476584.66715 0.277542409221 0.26047580659 0.0
58400 -3476586.76713 0.277597986336 0.260423622883 0.0
58500 -3476584.41557 0.277584998547 0.260286148955 0.0
58600 -3476587.04459 0.277469667753 0.260422177096 0.0
58700 -3476581.38537 0.277473978297 0.260574777261 0.0
58800 -3476585.29782 0.277410248125 0.260590806279 0.0
58900 -3476582.29267 0.277397667272 0.260589803229 0.0
new MC steps: 58999 0.0437601245987 0.039639377497 0.5
59000 -3476580.36341 0.277419026796 0.260639650175 0.0
59100 -3476583.24012 0.277558755351 0.260706248625 0.0
59200 -3476584.19559 0.277461529366 0.260772622084 0.0
59300 -3476587.02746 0.27763444124 0.260636414226 0.0
59400 -3476581.81706 0.277470076261 0.260719516506 0.0
59500 -3476580.30081 0.277524747483 0.260735113696 0.0
59600 -3476579.98628 0.277562457006 0.26070032382 0.0
59700 -3476583.91739 0.277583290062 0.260715900906 0.0
59800 -3476584.14814 0.277453554288 0.260714703767 0.0
59900 -3476589.61384 0.277557970652 0.260730204838 0.0
new MC steps: 59999 0.0437207582041 0.0394969322932 0.5
60000 -3476583.53961 0.277628706188 0.260712321461 0.0
60100 -3476587.4613 0.27756609707 0.260827606862 0.0
60200 -3476583.99199 0.27765319513 0.260826232122 0.0
60300 -3476583.25819 0.277690253893 0.260858028888 0.0
60400 -3476582.11765 0.27752851774 0.261038724524 0.0
60500 -3476584.58294 0.277565660072 0.261119650915 0.0
60600 -3476582.97269 0.277536674312 0.261200310226 0.0
60700 -3476581.61482 0.277606629215 0.261280703778 0.0
60800 -3476593.15947 0.277676354007 0.261360832881 0.0
60900 -3476578.83317 0.27763090918 0.261358598381 0.0
new MC steps: 60999 0.043620316013 0.0395245898248 0.5
61000 -3476583.01276 0.277618399698 0.261471123424 0.0
61100 -3476584.60783 0.277605931163 0.2614196167 0.0
61200 -3476583.08609 0.277724220192 0.261433636705 0.0
61300 -3476582.95832 0.277744245608 0.261414985074 0.0
61400 -3476582.21297 0.277861924073 0.261412680575 0.0
61500 -3476580.60943 0.277881660461 0.261377863775 0.0
61600 -3476581.83822 0.277868865765 0.261375627019 0.0
61700 -3476581.25274 0.277920941314 0.261389604707 0.0
61800 -3476584.11176 0.278005210272 0.26132263232 0.0
61900 -3476582.88818 0.278056897304 0.261304340802 0.0
new MC steps: 61999 0.0436508609237 0.0393431942413 0.5
62000 -3476584.24536 0.278092288834 0.261350623377 0.0
62100 -3476584.33339 0.277982641181 0.261396756896 0.0
62200 -3476581.19054 0.277953730647 0.261346280606 0.0
62300 -3476589.40001 0.277924912923 0.261360170784 0.0
62400 -3476586.74572 0.27792823833 0.261390041826 0.0
62500 -3476586.7037 0.277947552839 0.261483816259 0.0
62600 -3476585.30924 0.277934857271 0.261513394355 0.0
62700 -3476582.93842 0.277985997034 0.261479083268 0.0
62800 -3476580.28245 0.27797328068 0.261651884524 0.0
62900 -3476584.20055 0.277865216769 0.261728748351 0.0
new MC steps: 62999 0.0434940003428 0.0393038707121 0.5
63000 -3476581.25444 0.277884478024 0.261789495405 0.0
63100 -3476582.54625 0.277856135402 0.261770811873 0.0
63200 -3476585.759 0.277891172608 0.261688897328 0.0
63300 -3476582.97534 0.277768123726 0.261796812057 0.0
63400 -3476582.55793 0.277834734468 0.261778205391 0.0
63500 -3476583.28336 0.277901135415 0.261743909545 0.0
63600 -3476581.66805 0.277825820349 0.261866951777 0.0
63700 -3476586.12778 0.277892026813 0.261769830929 0.0
63800 -3476590.47932 0.277879657059 0.261798404414 0.0
63900 -3476583.1751 0.277961221264 0.261795590053 0.0
new MC steps: 63999 0.0434201233554 0.0391547994183 0.5
64000 -3476586.52181 0.27794878205 0.261792784488 0.0
64100 -3476582.51995 0.278092385454 0.261727586153 0.0
64200 -3476581.48827 0.27809535677 0.261693743088 0.0
64300 -3476583.61324 0.27819162999 0.26164445343 0.0
64400 -3476581.21786 0.278163382556 0.261750593935 0.0
64500 -3476584.6437 0.278181733617 0.261732376242 0.0
64600 -3476583.35123 0.278385783502 0.261652296404 0.0
64700 -3476584.67755 0.278357366965 0.261634286951 0.0
64800 -3476581.77081 0.278406197435 0.261647196803 0.0
64900 -3476582.42299 0.278454877429 0.261737107286 0.0
new MC steps: 64999 0.0434853024125 0.038982896764 0.5
65000 -3476588.45707 0.278518792019 0.261719050476 0.0
65100 -3476592.72322 0.278582510253 0.261777852875 0.0
65200 -3476591.5672 0.278630695848 0.261836474901 0.0
65300 -3476584.2344 0.278801243473 0.261818348877 0.0
65400 -3476582.41034 0.27886423755 0.261723826853 0.0
65500 -3476583.62214 0.278988107052 0.261705928154 0.0
65600 -3476582.86067 0.279004893218 0.261749058703 0.0
65700 -3476581.89438 0.279052069223 0.261807278428 0.0
65800 -3476581.74328 0.27914469385 0.261758939834 0.0
65900 -3476586.61524 0.279328083034 0.26166522511 0.0
new MC steps: 65999 0.0436028713757 0.0388389265551 0.5
66000 -3476588.93896 0.279268495932 0.261723307223 0.0
66100 -3476588.13812 0.279254474214 0.261811470326 0.0
66200 -3476585.93161 0.279225389345 0.261869156055 0.0
66300 -3476588.85784 0.279196392211 0.261971915959 0.0
66400 -3476585.65529 0.279242782488 0.261908706194 0.0
66500 -3476584.77372 0.27919880904 0.261981022842 0.0
66600 -3476582.69885 0.279139952854 0.261978048378 0.0
66700 -3476583.59136 0.279096265423 0.262080028785 0.0
66800 -3476583.03148 0.279157497642 0.262151764195 0.0
66900 -3476581.1585 0.279203599348 0.262043915637 0.0
new MC steps: 66999 0.0435114014229 0.0387807118372 0.5
67000 -3476586.12351 0.279249563439 0.262070715362 0.0
67100 -3476586.09459 0.279384807976 0.262112338117 0.0
67200 -3476582.18078 0.279341081234 0.262258002113 0.0
67300 -3476587.20476 0.279282625815 0.262314081514 0.0
67400 -3476582.49579 0.279254017003 0.26231064821 0.0
67500 -3476590.8356 0.279314380528 0.262381298055 0.0
67600 -3476598.44561 0.279404150826 0.262289019393 0.0
67700 -3476585.2477 0.279449343437 0.262344721644 0.0
67800 -3476585.95559 0.279494402737 0.262370761493 0.0
67900 -3476583.97036 0.279539329318 0.262411451967 0.0
new MC steps: 67999 0.0435070505003 0.0387380765079 0.5
68000 -3476584.04985 0.279540006765 0.262481434097 0.0
68100 -3476582.31411 0.279599418511 0.262551210702 0.0
68200 -3476582.88569 0.279658656031 0.262694095394 0.0
68300 -3476583.09205 0.279688437944 0.262719433098 0.0
68400 -3476583.5029 0.279732752445 0.262920132747 0.0
68500 -3476588.29985 0.279703945928 0.262974263149 0.0
68600 -3476584.51032 0.279864725004 0.262940773458 0.0
68700 -3476587.32795 0.279763031106 0.262980160405 0.0
68800 -3476581.47216 0.27969070217 0.263004898185 0.0
68900 -3476580.87912 0.27958955603 0.26289894196 0.0
new MC steps: 68999 0.0434418388455 0.0386954880517 0.5
69000 -3476582.05392 0.279619135955 0.262865755569 0.0
69100 -3476580.07305 0.279590743983 0.262818193659 0.0
69200 -3476580.2928 0.279533532752 0.262929726449 0.0
69300 -3476585.72267 0.279476486631 0.262925498911 0.0
69400 -3476582.47407 0.279434013919 0.262950101584 0.0
69500 -3476584.94639 0.279362886865 0.263032186587 0.0
69600 -3476582.02487 0.279406905073 0.26304219767 0.0
69700 -3476583.85913 0.279422102983 0.263166955998 0.0
69800 -3476580.01401 0.279508889557 0.263234051088 0.0
69900 -3476586.66614 0.279595427819 0.263172200684 0.0
new MC steps: 69999 0.0433117086219 0.0386374883303 0.5
70000 -3476584.73113 0.27948172169 0.263167669033 0.0
70100 -3476583.10963 0.279510991284 0.26323447597 0.0
70200 -3476583.97228 0.27954017749 0.263315337388 0.0
70300 -3476585.65197 0.279611954311 0.263353295117 0.0
70400 -3476588.6104 0.279669322879 0.2634195537 0.0
70500 -3476587.77111 0.279712344506 0.26337215075 0.0
70600 -3476592.35867 0.279670259628 0.263339046189 0.0
70700 -3476584.63283 0.279741446373 0.263320179347 0.0
70800 -3476583.77929 0.279826556122 0.263258993517 0.0
70900 -3476588.28214 0.279883217444 0.263268501149 0.0
new MC steps: 70999 0.0433723874793 0.0385294546807 0.5
71000 -3476582.12906 0.279967887776 0.263292066309 0.0
71100 -3476583.19354 0.279953868441 0.263315565182 0.0
71200 -3476585.37688 0.279911798992 0.263338998048 0.0
71300 -3476583.76628 0.279883872596 0.263390415282 0.0
71400 -3476583.66734 0.279926051456 0.263399672273 0.0
71500 -3476579.69661 0.280079998881 0.263436875009 0.0
71600 -3476588.0887 0.280065920867 0.263543805254 0.0
71700 -3476582.69953 0.280135562963 0.263566756391 0.0
71800 -3476582.44394 0.280386067046 0.263533934068 0.0
71900 -3476581.0482 0.28053851824 0.263473387018 0.0
new MC steps: 71999 0.0435114014229 0.0384025170425 0.5
72000 -3476581.88869 0.280690545965 0.263357453369 0.0
72100 -3476583.13685 0.280606371618 0.263297319039 0.0
72200 -3476586.77816 0.280674782898 0.263209650836 0.0
72300 -3476583.35372 0.280660018534 0.26328819795 0.0
72400 -3476584.29854 0.280617671027 0.263477023798 0.0
72500 -3476582.17104 0.280520268686 0.263499813796 0.0
72600 -3476580.776 0.280519552072 0.263412349692 0.0
72700 -3476583.17286 0.28051883743 0.263421410985 0.0
72800 -3476587.15564 0.280504388676 0.263457919534 0.0
72900 -3476584.83029 0.280558565726 0.263480610691 0.0
new MC steps: 72999 0.0433680504574 0.0383142927502 0.5
73000 -3476581.24806 0.280516705251 0.263530636567 0.0
73100 -3476586.76496 0.280488639006 0.263566845871 0.0
73200 -3476587.7885 0.280583598585 0.263561973197 0.0
73300 -3476584.29029 0.280528232903 0.263584398576 0.0
73400 -3476583.70878 0.28063650359 0.263538643888 0.0
73500 -3476584.51066 0.280676453382 0.2634930137 0.0
73600 -3476584.56148 0.280702707844 0.263569788454 0.0
73700 -3476582.8487 0.280661049375 0.263537808171 0.0
73800 -3476583.3701 0.280578853945 0.263682063929 0.0
73900 -3476580.02774 0.280456286113 0.263771802817 0.0
new MC steps: 73999 0.0432338176693 0.0382606902708 0.5
74000 -3476582.24686 0.280361076202 0.26383427251 0.0
74100 -3476582.2808 0.280320103642 0.263856088312 0.0
74200 -3476582.89043 0.280319672242 0.263958706756 0.0
74300 -3476587.29938 0.280251948157 0.263953378824 0.0
74400 -3476581.02198 0.28027849088 0.263974946573 0.0
74500 -3476584.19862 0.280278117072 0.263983033785 0.0
74600 -3476583.89275 0.280224125682 0.263950885377 0.0
74700 -3476582.01548 0.280197052248 0.264066076759 0.0
74800 -3476580.62534 0.280196788813 0.264100747316 0.0
74900 -3476580.40229 0.280183175124 0.264095272426 0.0
new MC steps: 74999 0.0431043105741 0.0382033422572 0.5
75000 -3476584.56567 0.280222930361 0.264116478447 0.0
75100 -3476584.84604 0.280329156736 0.264057735583 0.0
75200 -3476582.52586 0.280355314424 0.264132125903 0.0
75300 -3476589.23153 0.280315002457 0.264179758569 0.0
75400 -3476582.69749 0.280327847111 0.264214002467 0.0
75500 -3476582.10369 0.280274433451 0.264181931365 0.0
75600 -3476586.13167 0.28034020714 0.264308673166 0.0
75700 -3476586.47357 0.280379387326 0.264210512411 0.0
75800 -3476587.04113 0.280471233889 0.264152187966 0.0
75900 -3476589.43403 0.280510138206 0.264173067549 0.0
new MC steps: 75999 0.0431517514034 0.0380584450357 0.5
76000 -3476584.37228 0.280627886475 0.264088630413 0.0
76100 -3476584.98446 0.280574499678 0.264135819503 0.0
76200 -3476582.7404 0.280508129815 0.264196007926 0.0
76300 -3476580.64703 0.280520569848 0.264229826608 0.0
76400 -3476583.99163 0.280506799649 0.264368267431 0.0
76500 -3476584.33602 0.280519208899 0.264336413903 0.0
76600 -3476585.21334 0.28047936711 0.264330752862 0.0
76700 -3476585.78024 0.28041355393 0.2644294077 0.0
76800 -3476585.58761 0.280452077447 0.264423640317 0.0
76900 -3476582.44723 0.280438485845 0.264482906594 0.0
new MC steps: 76999 0.0430138865004 0.0380204056135 0.5
77000 -3476583.13055 0.280463890079 0.264425137336 0.0
77100 -3476580.15775 0.280515168415 0.264445337933 0.0
77200 -3476580.10951 0.280592220308 0.264387766998 0.0
77300 -3476584.57236 0.280604390629 0.264395027231 0.0
77400 -3476583.64495 0.280487332205 0.264415188434 0.0
77500 -3476582.77088 0.280512509516 0.264448200668 0.0
77600 -3476582.03185 0.280563394802 0.264468241389 0.0
77700 -3476585.5873 0.280575539568 0.264475360677 0.0
77800 -3476584.51541 0.280587653115 0.264521021581 0.0
77900 -3476582.59767 0.280561225145 0.264476707616 0.0
new MC steps: 77999 0.0429494140371 0.0379178889781 0.5
78000 -3476583.97345 0.280509224241 0.264535070063 0.0
78100 -3476585.5617 0.2806110037 0.264516459456 0.0
78200 -3476587.28798 0.280507921894 0.264561834248 0.0
78300 -3476580.61604 0.280660527963 0.264504923309 0.0
78400 -3476582.71232 0.280659685463 0.264575706943 0.0
78500 -3476580.58721 0.280620629037 0.264582616782 0.0
78600 -3476580.98982 0.280505337082 0.264729456368 0.0
78700 -3476582.57871 0.280479282347 0.264736153289 0.0
78800 -3476580.77 0.280567505489 0.264730143018 0.0
78900 -3476579.93355 0.280554112115 0.264762170315 0.0
new MC steps: 78999 0.0428893269282 0.0378534833271 0.5
79000 -3476586.19203 0.280591384919 0.264768800395 0.0
79100 -3476582.11643 0.280628563482 0.264724845451 0.0
79200 -3476586.08327 0.280678274264 0.264744132019 0.0
79300 -3476580.97872 0.280715249492 0.264700319038 0.0
79400 -3476586.50011 0.280789914485 0.264744776514 0.0
79500 -3476580.94474 0.280876970101 0.264726229859 0.0
79600 -3476583.97867 0.280838180425 0.26478310574 0.0
79700 -3476591.0954 0.280912410133 0.264839838898 0.0
79800 -3476586.05856 0.280886204434 0.26499667924 0.0
79900 -3476583.16739 0.280922641769 0.265053003091 0.0
new MC steps: 79999 0.0429494140371 0.0378043057712 0.5
80000 -3476582.45246 0.281008987388 0.265046686916 0.0
80100 -3476586.39686 0.280970275028 0.265052870751 0.0
80200 -3476583.72055 0.280944127879 0.265096445181 0.0
80300 -3476583.21346 0.281005217868 0.265102551649 0.0
80400 -3476584.43547 0.28107859355 0.26513351824 0.0
80500 -3476580.93987 0.281102098111 0.265002919218 0.0
80600 -3476583.93371 0.281125544348 0.265071152963 0.0
80700 -3476587.71272 0.281086975378 0.265027694824 0.0
80800 -3476585.37355 0.281060877959 0.26505860076 0.0
80900 -3476586.87107 0.281047205844 0.265138873438 0.0
new MC steps: 80999 0.0428979056514 0.0377023718183 0.5
81000 -3476582.24375 0.281082949593 0.265144874755 0.0
81100 -3476581.34031 0.281155596109 0.265113870359 0.0
81200 -3476579.84313 0.281228063694 0.265033681851 0.0
81300 -3476582.12619 0.281226553179 0.265088990295 0.0
81400 -3476578.53196 0.281249616098 0.26507045368 0.0
81500 -3476579.51458 0.281260352634 0.265125581281 0.0
81600 -3476581.73809 0.28130782711 0.265107045257 0.0
81700 -3476582.55412 0.281318466114 0.265064075103 0.0
81800 -3476582.14806 0.281267955159 0.265143457904 0.0
81900 -3476582.17027 0.281278616867 0.265198227128 0.0
new MC steps: 81999 0.0428979056514 0.0376157560095 0.5
82000 -3476589.02142 0.281313642517 0.26528944769 0.0
82100 -3476584.9097 0.28143384368 0.265307365318 0.0
82200 -3476581.04149 0.281480760575 0.265276578144 0.0
82300 -3476583.21042 0.281588316059 0.265233715265 0.0
82400 -3476581.19217 0.281525709639 0.265251635296 0.0
82500 -3476582.53597 0.281632949904 0.265184664428 0.0
82600 -3476580.02161 0.281534121863 0.265214706844 0.0
82700 -3476588.17216 0.281629000859 0.265135850836 0.0
82800 -3476579.68938 0.281614956341 0.265165879639 0.0
82900 -3476583.49703 0.281613008287 0.265159648255 0.0
new MC steps: 82999 0.0429021956565 0.0374581011412 0.5
83000 -3476584.52214 0.281550824689 0.265213672124 0.0
83100 -3476583.84814 0.281585059145 0.265231465325 0.0
83200 -3476580.30205 0.281619211308 0.265213158496 0.0
83300 -3476585.43377 0.281629272158 0.265278928224 0.0
83400 -3476583.56899 0.281639308881 0.26521264733 0.0
83500 -3476584.00564 0.281697225183 0.265230356523 0.0
83600 -3476583.7206 0.281647348716 0.265307831246 0.0
83700 -3476584.3563 0.281645380581 0.265265647961 0.0
83800 -3476584.08465 0.281619551079 0.265354828701 0.0
83900 -3476583.21373 0.281569945531 0.265419959238 0.0
new MC steps: 83999 0.0428207588742 0.0374244040162 0.5
84000 -3476584.53385 0.28154426733 0.265520648564 0.0
84100 -3476581.53088 0.281542431124 0.265585427046 0.0
84200 -3476581.56479 0.28150497025 0.265650051662 0.0
84300 -3476579.40585 0.281550634038 0.265631487171 0.0
84400 -3476579.83388 0.281608037819 0.265660359474 0.0
84500 -3476582.9404 0.281665305736 0.265629992544 0.0
84600 -3476581.77367 0.281604236357 0.265706079124 0.0
84700 -3476581.85399 0.281637761065 0.265722954865 0.0
84800 -3476581.10188 0.281765545218 0.265763375432 0.0
84900 -3476585.57674 0.281822357805 0.265839036054 0.0
new MC steps: 84999 0.0428507438989 0.0373982161002 0.5
85000 -3476583.15178 0.281843743015 0.265843931248 0.0
85100 -3476583.56558 0.281865077966 0.265848814938 0.0
85200 -3476584.32779 0.281827678079 0.265853687163 0.0
85300 -3476589.65164 0.281919320993 0.265835101581 0.0
85400 -3476583.60215 0.28196391143 0.265816559525 0.0
85500 -3476587.52639 0.281996701793 0.265762973532 0.0
85600 -3476586.02896 0.282087826077 0.265779605378 0.0
85700 -3476584.01458 0.282050384476 0.26574952451 0.0
85800 -3476590.65458 0.2819897204 0.265754478386 0.0
85900 -3476584.27623 0.281999045413 0.265829268577 0.0
new MC steps: 85999 0.0428507438989 0.0372451973171 0.5
86000 -3476587.10555 0.282054859827 0.265752723806 0.0
86100 -3476585.3668 0.282133773127 0.265757656705 0.0
86200 -3476585.3379 0.282235704922 0.265774178954 0.0
86300 -3476585.63902 0.282267876386 0.265721138805 0.0
86400 -3476587.44908 0.282218955799 0.265911274175 0.0
86500 -3476582.42632 0.282285753922 0.265916000971 0.0
86600 -3476582.56833 0.282283114514 0.265955358483 0.0
86700 -3476582.23739 0.282292015086 0.265994625206 0.0
86800 -3476585.86756 0.282220250919 0.266079883872 0.0
86900 -3476580.56744 0.282125637219 0.266164946318 0.0
new MC steps: 86999 0.0427907948316 0.0372563725525 0.5
87000 -3476582.1618 0.282100205745 0.266180848496 0.0
87100 -3476591.89476 0.282051870817 0.266277080631 0.0
87200 -3476590.60499 0.282015114506 0.26631575326 0.0
87300 -3476589.38808 0.282104443248 0.266285609558 0.0
87400 -3476586.47224 0.282136359996 0.266415716067 0.0
87500 -3476582.36687 0.282179632233 0.266454097667 0.0
87600 -3476586.5505 0.28227988265 0.266389653086 0.0
87700 -3476584.2764 0.282345697312 0.266382367362 0.0
87800 -3476585.37589 0.282388583274 0.266340930058 0.0
87900 -3476582.15177 0.282317607308 0.266367845645 0.0
new MC steps: 87999 0.0427779595186 0.0371744986272 0.5
88000 -3476580.8971 0.282269519665 0.26631515551 0.0
88100 -3476584.72037 0.282323696666 0.266273935597 0.0
88200 -3476583.81547 0.282400426299 0.266312173331 0.0
88300 -3476584.14772 0.28235240824 0.266440923659 0.0
88400 -3476581.46998 0.282485492246 0.266399701361 0.0
88500 -3476582.20549 0.282539180348 0.266426368064 0.0
88600 -3476581.49431 0.282637893478 0.266340109028 0.0
88700 -3476583.51479 0.282736384032 0.266366782787 0.0
88800 -3476583.46724 0.282789608225 0.266359613067 0.0
88900 -3476580.20462 0.282808967278 0.266318714075 0.0
new MC steps: 88999 0.0429408250132 0.0370223952079 0.5
89000 -3476582.37694 0.282895697801 0.266244199503 0.0
89100 -3476581.64059 0.282892447896 0.266293307595 0.0
89200 -3476581.9481 0.282956469098 0.26620777794 0.0
89300 -3476582.45707 0.282975554585 0.26624561875 0.0
89400 -3476586.32754 0.282927484033 0.266261003792 0.0
89500 -3476581.7791 0.282935386197 0.266242835276 0.0
89600 -3476584.97527 0.282943270722 0.266202386134 0.0
89700 -3476583.35909 0.282939989521 0.266195471622 0.0
89800 -3476583.20531 0.283070344428 0.266144029577 0.0
89900 -3476583.41213 0.283133669258 0.266126072013 0.0
new MC steps: 89999 0.0429623007942 0.0368561687196 0.5
90000 -3476585.07742 0.283152409418 0.266108154354 0.0
90100 -3476584.91162 0.283171107979 0.266134671091 0.0
90200 -3476585.38653 0.283267369541 0.266083524573 0.0
90300 -3476585.39068 0.283341269753 0.266076787632 0.0
90400 -3476582.27216 0.283348635524 0.266047941948 0.0
90500 -3476585.3008 0.283422282627 0.266063358416 0.0
90600 -3476583.48474 0.283385393097 0.266067703447 0.0
90700 -3476580.50231 0.28324935778 0.266105114607 0.0
90800 -3476585.70364 0.283223753042 0.266186495743 0.0
90900 -3476583.47191 0.283253209536 0.266113684118 0.0
new MC steps: 90999 0.0429064860906 0.0367384174821 0.5
91000 -3476585.88647 0.283194690168 0.266128943638 0.0
91100 -3476586.813 0.283125322444 0.26613319283 0.0
91200 -3476585.83419 0.283132860385 0.266082608743 0.0
91300 -3476583.3733 0.283151334597 0.266075946594 0.0
91400 -3476584.12699 0.283213531581 0.266080239822 0.0
91500 -3476582.25981 0.283286521459 0.266040808297 0.0
91600 -3476579.45532 0.283348435061 0.265957795221 0.0
91700 -3476582.41486 0.283333878584 0.26601672828 0.0
91800 -3476583.77977 0.28336292633 0.266042853564 0.0
91900 -3476584.38837 0.283391910861 0.266036278169 0.0
new MC steps: 91999 0.0429279446978 0.0366063969587 0.5
92000 -3476586.00823 0.283431701829 0.266105803198 0.0
92100 -3476582.23753 0.2834496911 0.266142604315 0.0
92200 -3476583.14826 0.283402566133 0.266168479734 0.0
92300 -3476583.26118 0.283409713871 0.266183464968 0.0
92400 -3476584.3715 0.283406023744 0.266176772979 0.0
92500 -3476587.77639 0.283402341596 0.266180906152 0.0
92600 -3476583.98092 0.28342026544 0.266239025496 0.0
92700 -3476583.07023 0.283362639022 0.266243082599 0.0
92800 -3476584.50927 0.283423670004 0.266171700736 0.0
92900 -3476585.77087 0.283409220568 0.266229642307 0.0
new MC steps: 92999 0.042833607029 0.0365442189502 0.5
93000 -3476583.0706 0.283362544489 0.266287459275 0.0
93100 -3476584.83904 0.283455601981 0.266291446923 0.0
93200 -3476588.44667 0.283408976299 0.266381262004 0.0
93300 -3476585.98911 0.283383886561 0.266385140567 0.0
93400 -3476581.92811 0.283390970118 0.266442543442 0.0
93500 -3476581.08698 0.283398038524 0.266478433386 0.0
93600 -3476580.79312 0.283351673593 0.266556981229 0.0
93700 -3476580.54633 0.283465491297 0.266507294479 0.0
93800 -3476583.82374 0.283504440251 0.266574983209 0.0
93900 -3476583.60051 0.283500708193 0.26653603263 0.0
new MC steps: 93999 0.0427993538464 0.0365040424105 0.5
94000 -3476583.58732 0.283454431336 0.266529079478 0.0
94100 -3476582.48349 0.283482640992 0.266554021743 0.0
94200 -3476580.91386 0.283521406354 0.266631989045 0.0
94300 -3476582.9488 0.283581298183 0.266677977964 0.0
94400 -3476588.29551 0.283672842449 0.266586159045 0.0
94500 -3476583.67329 0.283732447276 0.266515698247 0.0
94600 -3476581.57997 0.283802496802 0.266561664253 0.0
94700 -3476581.79565 0.283809041087 0.266533616329 0.0
94800 -3476584.03969 0.283868313625 0.266495079166 0.0
94900 -3476584.10879 0.283864237469 0.266425011328 0.0
new MC steps: 94999 0.0429107769537 0.0363510469477 0.5
95000 -3476580.99746 0.283902274713 0.266439300639 0.0
95100 -3476584.76631 0.283908686554 0.266432529626 0.0
95200 -3476584.03875 0.283883572652 0.266509805569 0.0
95300 -3476582.60562 0.283837525315 0.266555440132 0.0
95400 -3476584.54331 0.283885913146 0.266559050744 0.0
95500 -3476581.77146 0.28386090198 0.266531240511 0.0
95600 -3476584.07342 0.283815022855 0.266555789165 0.0
95700 -3476587.93241 0.283831934881 0.266548938883 0.0
95800 -3476580.33246 0.283880126512 0.266521226292 0.0
95900 -3476585.91581 0.283844798282 0.266483144076 0.0
new MC steps: 95999 0.0428593149048 0.0362530315014 0.5
96000 -3476586.08019 0.283955375465 0.266507640545 0.0
96100 -3476584.81368 0.28397207105 0.266542491753 0.0
96200 -3476584.88582 0.283905572707 0.266650034823 0.0
96300 -3476589.32495 0.283943053551 0.266643129355 0.0
96400 -3476590.5972 0.284001203307 0.266719224904 0.0
96500 -3476587.62631 0.283945244091 0.266691536875 0.0
96600 -3476582.14107 0.28392045631 0.26667425803 0.0
96700 -3476584.1655 0.283916402105 0.266657014922 0.0
96800 -3476580.74961 0.283964008636 0.266722451214 0.0
96900 -3476581.79956 0.284104395207 0.266767112826 0.0
new MC steps: 96999 0.042867887625 0.0362095539553 0.5
97000 -3476583.92656 0.284141400604 0.266729208977 0.0
97100 -3476581.65321 0.284126837005 0.266732577419 0.0
97200 -3476581.77044 0.284060863571 0.266818242611 0.0
97300 -3476584.91136 0.284066967452 0.266831790012 0.0
97400 -3476584.89911 0.284062791963 0.266865843266 0.0
97500 -3476586.78679 0.284068881345 0.266920339279 0.0
97600 -3476583.15504 0.284023729265 0.266995215213 0.0
97700 -3476580.87943 0.284060552093 0.267059702562 0.0
97800 -3476583.92224 0.28407684993 0.267042259282 0.0
97900 -3476581.41604 0.284052256872 0.267116781238 0.0
new MC steps: 97999 0.0427651280555 0.0362131750918 0.5
98000 -3476585.18816 0.284048121958 0.267078907358 0.0
98100 -3476582.47848 0.284074576202 0.267051304268 0.0
98200 -3476582.6954 0.284090793373 0.267125589352 0.0
98300 -3476580.92968 0.284076459039 0.267189550462 0.0
98400 -3476580.46352 0.284112966332 0.267192406581 0.0
98500 -3476582.78978 0.284088486411 0.267225713445 0.0
98600 -3476581.23406 0.284104623685 0.267238668979 0.0
98700 -3476582.31045 0.28411059665 0.267261729871 0.0
98800 -3476587.08791 0.284116557525 0.267396078987 0.0
98900 -3476583.39216 0.284122506345 0.267368378479 0.0
new MC steps: 98999 0.0426967585608 0.036205933181 0.5
99000 -3476585.00437 0.284057736791 0.267391238472 0.0
99100 -3476585.2331 0.284023370097 0.267393870899 0.0
99200 -3476583.21354 0.28395883106 0.267446900737 0.0
99300 -3476583.88299 0.283964914754 0.267439401416 0.0
99400 -3476581.79696 0.283970986207 0.267472158228 0.0
99500 -3476586.16423 0.283977045457 0.267414397845 0.0
99600 -3476584.03491 0.283993132599 0.267386873626 0.0
99700 -3476585.01373 0.283989127491 0.267419584558 0.0
99800 -3476581.13737 0.28398513041 0.267432190058 0.0
99900 -3476582.36074 0.283921081871 0.267504829781 0.0
99999 -3476584.12627 0.28391 0.26757 0.0
new MC steps: 99999 0.0425688602285 0.0361516649925 0.5
===== Statistics =====
nmc          100000
naccv        28391
naccw        26757
naccwrad     0
nacctimezero 0
accv ratio         28.4 %
accw ratio         26.8 %
accwrad ratio       0.0 %
acctimezero ratio   0.0 %
==========
naccv_coeff
       0        0   0.0 %   0.0 %
       1     3303  11.6 %   3.3 %
       2     2928  10.3 %   2.9 %
       3     2664   9.4 %   2.7 %
       4     2777   9.8 %   2.8 %
       5     2910  10.2 %   2.9 %
       6     3087  10.9 %   3.1 %
       7     3359  11.8 %   3.4 %
       8     3643  12.8 %   3.6 %
       9     3720  13.1 %   3.7 %
naccw_coeff
       0     1052   3.9 %   1.1 %
       1     2851  10.7 %   2.9 %
       2     4606  17.2 %   4.6 %
       3     5466  20.4 %   5.5 %
       4     6186  23.1 %   6.2 %
       5     6596  24.7 %   6.6 %
===== stat v =====
VEC (1001, 100)
0 1.82383088716 0.158702876992
1 1.82605625058 0.157962906579
2 1.82842983559 0.156448005481
3 1.82748303474 0.154054409931
4 1.81950666456 0.150577120434
5 1.80179228422 0.145718506963
6 1.77354800272 0.139148387885
7 1.73615909021 0.130590748357
8 1.69265451849 0.119900201168
9 1.64648222742 0.107106192991
10 1.59991899623 0.0924259699084
11 1.55257971355 0.076259381187
12 1.50050252004 0.0591758574147
13 1.43616258511 0.0418992535036
14 1.34953761586 0.0253312972036
15 1.23007187279 0.0111354935393
16 1.06913561708 0.00898612057843
17 0.862420729423 0.0185373006428
18 0.611693852747 0.0273057431102
19 0.325453399309 0.0340388872137
20 0.0182762912968 0.0388537240162
21 -0.291064737355 0.042127170077
22 -0.582354717282 0.0442975613827
23 -0.837009082879 0.0457704275369
24 -1.04084960609 0.0468688620362
25 -1.18604493288 0.0478113617525
26 -1.27187203846 0.0487091138873
27 -1.30421721485 0.0495843000933
28 -1.29400056703 0.0504090389526
29 -1.25491526905 0.0511513673031
30 -1.20097879875 0.0518076548951
31 -1.14438207309 0.0524101760657
32 -1.09400693046 0.0530148665631
33 -1.05479920593 0.0536822499106
34 -1.02798250772 0.054459961886
35 -1.01192475436 0.0553678783888
36 -1.00336125475 0.0563870940792
37 -0.998650714054 0.0574594987777
38 -0.994789040209 0.0585037594132
39 -0.990008082636 0.0594426294293
40 -0.983910890356 0.0602266570474
41 -0.977209710444 0.0608419551503
42 -0.971213050841 0.0613025164391
43 -0.967241038005 0.0616378027309
44 -0.966134359708 0.0618845186065
45 -0.967972276669 0.062081295298
46 -0.972046619622 0.06225946798
47 -0.977069547778 0.0624297054751
48 -0.981538207241 0.062575095147
49 -0.984148760609 0.0626614376343
50 -0.984148760609 0.0626614376343
51 -0.981538207241 0.062575095147
52 -0.977069547778 0.0624297054751
53 -0.972046619622 0.06225946798
54 -0.967972276669 0.062081295298
55 -0.966134359708 0.0618845186065
56 -0.967241038005 0.0616378027309
57 -0.971213050841 0.0613025164391
58 -0.977209710444 0.0608419551503
59 -0.983910890356 0.0602266570474
60 -0.990008082636 0.0594426294293
61 -0.994789040209 0.0585037594132
62 -0.998650714054 0.0574594987777
63 -1.00336125475 0.0563870940792
64 -1.01192475436 0.0553678783888
65 -1.02798250772 0.054459961886
66 -1.05479920593 0.0536822499106
67 -1.09400693046 0.0530148665631
68 -1.14438207309 0.0524101760657
69 -1.20097879875 0.0518076548951
70 -1.25491526905 0.0511513673031
71 -1.29400056703 0.0504090389526
72 -1.30421721485 0.0495843000933
73 -1.27187203846 0.0487091138873
74 -1.18604493288 0.0478113617525
75 -1.04084960609 0.0468688620362
76 -0.837009082879 0.0457704275369
77 -0.582354717282 0.0442975613827
78 -0.291064737355 0.042127170077
79 0.0182762912968 0.0388537240162
80 0.325453399309 0.0340388872137
81 0.611693852747 0.0273057431102
82 0.862420729423 0.0185373006428
83 1.06913561708 0.00898612057843
84 1.23007187279 0.0111354935393
85 1.34953761586 0.0253312972036
86 1.43616258511 0.0418992535036
87 1.50050252004 0.0591758574147
88 1.55257971355 0.076259381187
89 1.59991899623 0.0924259699084
90 1.64648222742 0.107106192991
91 1.69265451849 0.119900201168
92 1.73615909021 0.130590748357
93 1.77354800272 0.139148387885
94 1.80179228422 0.145718506963
95 1.81950666456 0.150577120434
96 1.82748303474 0.154054409931
97 1.82842983559 0.156448005481
98 1.82605625058 0.157962906579
99 1.82383088716 0.158702876992
===== stat v_coeff =====
VEC (1001, 10)
0 0.0 0.0
1 3.18061488612 0.194116034367
2 1.91380513998 0.156574728372
3 -0.883186509773 0.0854675809432
4 -1.50417287318 0.0182378345992
5 0.235266446077 0.044990313561
6 0.926180779611 0.0359642082187
7 0.0474670211531 0.0221680215178
8 -0.449178044779 0.0201447410881
9 -0.106581747466 0.0184143346675
===== stat w =====
VEC (1001, 100)
0 0.894646168695 0.0214526184634
1 0.881501799242 0.0198764478936
2 0.860113218058 0.0175750125435
3 0.831247043966 0.0151043037352
4 0.795952741356 0.0133437543701
5 0.755536839885 0.0132336204304
6 0.711527463573 0.0149136454081
7 0.665628232679 0.0175730503263
8 0.619661157508 0.0203079953308
9 0.575498989367 0.0225133823936
10 0.534988556686 0.0238445136002
11 0.499867784817 0.0241424257206
12 0.471680242601 0.023390826739
13 0.451692033576 0.0216901542466
14 0.440816516701 0.0192375696724
15 0.439552584451 0.0163100209959
16 0.447941965219 0.0132527668135
17 0.465550219541 0.0104754867259
18 0.491474786996 0.00842877341311
19 0.524381689034 0.00743344184542
20 0.562570429074 0.00734006338141
21 0.604064422245 0.0075957640499
22 0.646722125902 0.00772651962707
23 0.688362129726 0.00752307891363
24 0.726893990319 0.00698181666322
25 0.760445719053 0.00623153906038
26 0.787478665487 0.00548088284508
27 0.806881133907 0.00494926364985
28 0.818033411919 0.00474552940608
29 0.820838893093 0.00477888095607
30 0.815718492693 0.00484340747118
31 0.803568386571 0.00476970192193
32 0.785684013542 0.00449283639638
33 0.763656021174 0.00405899163864
34 0.739246162325 0.00361751091207
35 0.714252853264 0.00338080554129
36 0.690377022581 0.0034817013902
37 0.66909891809 0.00382907008954
38 0.651575677369 0.00420195236212
39 0.638567766941 0.00441383035847
40 0.630399990854 0.00436544250907
41 0.626959861686 0.0040468581252
42 0.627732963226 0.00354385783835
43 0.631871787162 0.00306178856027
44 0.638291670851 0.00291079947931
45 0.64578515085 0.00326055759588
46 0.653144482916 0.00392009391482
47 0.659281404327 0.00459148504478
48 0.663333491311 0.00506808681998
49 0.66474767216 0.00523865259661
50 0.663333491311 0.00506808681998
51 0.659281404327 0.00459148504478
52 0.653144482916 0.00392009391482
53 0.64578515085 0.00326055759588
54 0.638291670851 0.00291079947931
55 0.631871787162 0.00306178856027
56 0.627732963226 0.00354385783835
57 0.626959861686 0.0040468581252
58 0.630399990854 0.00436544250907
59 0.638567766941 0.00441383035847
60 0.651575677369 0.00420195236212
61 0.66909891809 0.00382907008954
62 0.690377022581 0.0034817013902
63 0.714252853264 0.00338080554129
64 0.739246162325 0.00361751091207
65 0.763656021174 0.00405899163864
66 0.785684013542 0.00449283639638
67 0.803568386571 0.00476970192193
68 0.815718492693 0.00484340747118
69 0.820838893093 0.00477888095607
70 0.818033411919 0.00474552940608
71 0.806881133907 0.00494926364985
72 0.787478665487 0.00548088284508
73 0.760445719053 0.00623153906038
74 0.726893990319 0.00698181666322
75 0.688362129726 0.00752307891363
76 0.646722125902 0.00772651962707
77 0.604064422245 0.0075957640499
78 0.562570429074 0.00734006338141
79 0.524381689034 0.00743344184542
80 0.491474786996 0.00842877341311
81 0.465550219541 0.0104754867259
82 0.447941965219 0.0132527668135
83 0.439552584451 0.0163100209959
84 0.440816516701 0.0192375696724
85 0.451692033576 0.0216901542466
86 0.471680242601 0.023390826739
87 0.499867784817 0.0241424257206
88 0.534988556686 0.0238445136002
89 0.575498989367 0.0225133823936
90 0.619661157508 0.0203079953308
91 0.665628232679 0.0175730503263
92 0.711527463573 0.0149136454081
93 0.755536839885 0.0132336204304
94 0.795952741356 0.0133437543701
95 0.831247043966 0.0151043037352
96 0.860113218058 0.0175750125435
97 0.881501799242 0.0198764478936
98 0.894646168695 0.0214526184634
99 0.899079814073 0.0220088104633
===== stat w_coeff =====
VEC (1001, 6)
0 0.66824021631 0.00462524802419
1 -0.0203743648599 0.0141906868645
2 0.0825296291973 0.0145717569131
3 0.602390897969 0.0289077459435
4 0.430818252036 0.0442794140137
5 -0.139466826634 0.0417333436732
