options:
{'ncosDrad': 0, 'nmc_update': 1000.0, 'seed': None, 'move_timezero': False, 'ncosD': 6, 'ncosF': 10, 'reduction': False, 'dwrad': 0.5, 'pull': 0, 'dtimezero': 0.1, 'outfile': 'output/HexdWat/out.ncosf10d6.run1//out.nbins100.20.pbc.dat', 'nmc': 2000, 'dv': 0.05, 'dw': 0.05, 'temp_end': 1.0, 'nbins': None, 'initfile': None, 'temp': 1.0, 'k': -1, 'lmax': -1, 'pbc': True, 'model': 'CosinusModel', 'D0': 1.0}
args:
['data/HexdWat/transitions.nbins100.20.pbc.A.dat']
====================
python program to extract diffusion coefficient and free energy from transition counts
copyright: Gerhard Hummer (NIH, July 2012)
adapted by An Ghysels (August 2012)

HEADER
{'count': 'pbc', 'dn': 20, 'lt': 20.0, 'edges': array([ -2.65987500e+01,  -2.60667750e+01,  -2.55348000e+01,
        -2.50028250e+01,  -2.44708500e+01,  -2.39388750e+01,
        -2.34069000e+01,  -2.28749250e+01,  -2.23429500e+01,
        -2.18109750e+01,  -2.12790000e+01,  -2.07470250e+01,
        -2.02150500e+01,  -1.96830750e+01,  -1.91511000e+01,
        -1.86191250e+01,  -1.80871500e+01,  -1.75551750e+01,
        -1.70232000e+01,  -1.64912250e+01,  -1.59592500e+01,
        -1.54272750e+01,  -1.48953000e+01,  -1.43633250e+01,
        -1.38313500e+01,  -1.32993750e+01,  -1.27674000e+01,
        -1.22354250e+01,  -1.17034500e+01,  -1.11714750e+01,
        -1.06395000e+01,  -1.01075250e+01,  -9.57555000e+00,
        -9.04357500e+00,  -8.51160000e+00,  -7.97962500e+00,
        -7.44765000e+00,  -6.91567500e+00,  -6.38370000e+00,
        -5.85172500e+00,  -5.31975000e+00,  -4.78777500e+00,
        -4.25580000e+00,  -3.72382500e+00,  -3.19185000e+00,
        -2.65987500e+00,  -2.12790000e+00,  -1.59592500e+00,
        -1.06395000e+00,  -5.31975000e-01,  -3.90798505e-14,
         5.31975000e-01,   1.06395000e+00,   1.59592500e+00,
         2.12790000e+00,   2.65987500e+00,   3.19185000e+00,
         3.72382500e+00,   4.25580000e+00,   4.78777500e+00,
         5.31975000e+00,   5.85172500e+00,   6.38370000e+00,
         6.91567500e+00,   7.44765000e+00,   7.97962500e+00,
         8.51160000e+00,   9.04357500e+00,   9.57555000e+00,
         1.01075250e+01,   1.06395000e+01,   1.11714750e+01,
         1.17034500e+01,   1.22354250e+01,   1.27674000e+01,
         1.32993750e+01,   1.38313500e+01,   1.43633250e+01,
         1.48953000e+01,   1.54272750e+01,   1.59592500e+01,
         1.64912250e+01,   1.70232000e+01,   1.75551750e+01,
         1.80871500e+01,   1.86191250e+01,   1.91511000e+01,
         1.96830750e+01,   2.02150500e+01,   2.07470250e+01,
         2.12790000e+01,   2.18109750e+01,   2.23429500e+01,
         2.28749250e+01,   2.34069000e+01,   2.39388750e+01,
         2.44708500e+01,   2.50028250e+01,   2.55348000e+01,
         2.60667750e+01,   2.65987500e+01]), 'dz': 0.531975, 'dt': 1.0}
lt 20.0
INIT MODEL
INIT COS MODEL F 10
INIT COS MODEL D 6

 MC-move log-like acc(v) acc(w)
initial log-likelihood: -979312.188796
0 -979291.171951 1.0 0.0 0.0
100 -972254.377959 0.29702970297 0.287128712871 0.0
200 -966298.798962 0.323383084577 0.253731343284 0.0
300 -961120.449607 0.302325581395 0.259136212625 0.0
400 -957040.138048 0.294264339152 0.269326683292 0.0
500 -954321.366013 0.289421157685 0.27744510978 0.0
600 -950251.087512 0.292845257903 0.281198003328 0.0
700 -946036.700404 0.288159771755 0.288159771755 0.0
800 -944491.307229 0.283395755306 0.274656679151 0.0
900 -942076.163738 0.289678135405 0.26526082131 0.0
new MC steps: 999 0.0499400359856 0.0498402557272 0.5
1000 -940597.230533 0.287712287712 0.267732267732 0.0
1100 -939389.484544 0.286103542234 0.265213442325 0.0
1200 -938450.962014 0.283097418818 0.269775187344 0.0
1300 -937779.029016 0.280553420446 0.271329746349 0.0
1400 -936859.299369 0.283369022127 0.27408993576 0.0
1500 -936186.441802 0.283144570286 0.278481012658 0.0
1600 -935643.025337 0.287945034354 0.273579013117 0.0
1700 -935155.200215 0.289829512052 0.273956496179 0.0
1800 -934759.936347 0.29483620211 0.270960577457 0.0
1900 -934401.116837 0.294055760126 0.26985796949 0.0
1999 -934129.148492 0.294 0.27 0.0
new MC steps: 1999 0.0499400359856 0.0497008982027 0.5
===== Statistics =====
nmc          2000
naccv        588
naccw        540
naccwrad     0
nacctimezero 0
accv ratio         29.4 %
accw ratio         27.0 %
accwrad ratio       0.0 %
acctimezero ratio   0.0 %
==========
naccv_coeff
       0        0   0.0 %   0.0 %
       1       78  13.3 %   3.9 %
       2       47   8.0 %   2.4 %
       3       55   9.4 %   2.8 %
       4       63  10.7 %   3.1 %
       5       66  11.2 %   3.3 %
       6       64  10.9 %   3.2 %
       7       92  15.6 %   4.6 %
       8       51   8.7 %   2.5 %
       9       72  12.2 %   3.6 %
naccw_coeff
       0       64  11.9 %   3.2 %
       1       79  14.6 %   4.0 %
       2       89  16.5 %   4.5 %
       3       88  16.3 %   4.4 %
       4      123  22.8 %   6.2 %
       5       97  18.0 %   4.9 %
===== stat v =====
VEC (21, 100)
0 0.300610129226 0.151034517447
1 0.299423600409 0.153335031706
2 0.297280094532 0.15738890824
3 0.2944923661 0.162069971417
4 0.291240985309 0.165847887151
5 0.287410678187 0.167251250055
6 0.282588039018 0.165399583808
7 0.27626538918 0.160321663886
8 0.268199860218 0.152943358041
9 0.25878761401 0.144838427639
10 0.249268865756 0.137945538483
11 0.241604919833 0.134328773758
12 0.237964585431 0.13571885115
13 0.239898300814 0.142582658507
14 0.247418384761 0.1532945985
15 0.258291826001 0.164312725133
16 0.267848575807 0.171193190359
17 0.269500770451 0.169675866278
18 0.255977697232 0.156511344019
19 0.221058630026 0.130047400913
20 0.161398001705 0.0906330898473
21 0.0779477546403 0.0411914006569
22 -0.0234713905216 0.0217219034809
23 -0.132714695474 0.0772458496296
24 -0.236961060475 0.130401099102
25 -0.323150970476 0.17340246924
26 -0.380666214664 0.201881971715
27 -0.403602218868 0.213801492327
28 -0.392054831078 0.209742334959
29 -0.35207461097 0.192768193103
30 -0.294275126885 0.167768129352
31 -0.231428129796 0.140355926664
32 -0.175642030956 0.115512166149
33 -0.13582632936 0.09635324335
34 -0.116062229654 0.0837612387166
35 -0.115250438954 0.0773110495985
36 -0.128060315829 0.0762692595588
37 -0.146857401113 0.0792895025616
38 -0.164036123469 0.0840577850448
39 -0.174100214055 0.0881829343625
40 -0.174935955175 0.09032566868
41 -0.167979578732 0.0905730628776
42 -0.157312572733 0.0900572174123
43 -0.148028919958 0.090176058244
44 -0.144416063559 0.0918832237734
45 -0.14852111114 0.0954095113968
46 -0.159530806455 0.10034553246
47 -0.174125225403 0.105784151092
48 -0.187655169257 0.110488745296
49 -0.195737333638 0.113228814654
50 -0.195737333638 0.113228814654
51 -0.187655169257 0.110488745296
52 -0.174125225403 0.105784151092
53 -0.159530806455 0.10034553246
54 -0.14852111114 0.0954095113968
55 -0.144416063559 0.0918832237734
56 -0.148028919958 0.090176058244
57 -0.157312572733 0.0900572174123
58 -0.167979578732 0.0905730628776
59 -0.174935955175 0.09032566868
60 -0.174100214055 0.0881829343625
61 -0.164036123469 0.0840577850448
62 -0.146857401113 0.0792895025616
63 -0.128060315829 0.0762692595588
64 -0.115250438954 0.0773110495985
65 -0.116062229654 0.0837612387166
66 -0.13582632936 0.09635324335
67 -0.175642030956 0.115512166149
68 -0.231428129796 0.140355926664
69 -0.294275126885 0.167768129352
70 -0.35207461097 0.192768193103
71 -0.392054831078 0.209742334959
72 -0.403602218868 0.213801492327
73 -0.380666214664 0.201881971715
74 -0.323150970476 0.17340246924
75 -0.236961060475 0.130401099102
76 -0.132714695474 0.0772458496296
77 -0.0234713905216 0.0217219034809
78 0.0779477546403 0.0411914006569
79 0.161398001705 0.0906330898473
80 0.221058630026 0.130047400913
81 0.255977697232 0.156511344019
82 0.269500770451 0.169675866278
83 0.267848575807 0.171193190359
84 0.258291826001 0.164312725133
85 0.247418384761 0.1532945985
86 0.239898300814 0.142582658507
87 0.237964585431 0.13571885115
88 0.241604919833 0.134328773758
89 0.249268865756 0.137945538483
90 0.25878761401 0.144838427639
91 0.268199860218 0.152943358041
92 0.27626538918 0.160321663886
93 0.282588039018 0.165399583808
94 0.287410678187 0.167251250055
95 0.291240985309 0.165847887151
96 0.2944923661 0.162069971417
97 0.297280094532 0.15738890824
98 0.299423600409 0.153335031706
99 0.300610129226 0.151034517447
===== stat v_coeff =====
VEC (21, 10)
0 0.0 0.0
1 0.554235493153 0.316338518064
2 0.322828984979 0.169017084786
3 -0.317197298951 0.200708783641
4 -0.402744997483 0.240925441931
5 0.405833190084 0.23517058463
6 0.419370419523 0.211544361475
7 -0.337887194886 0.186142318726
8 -0.314958666038 0.1789591803
9 0.255679292961 0.11915002431
===== stat w =====
VEC (21, 100)
0 1.04283850645 0.221577862909
1 1.04558502531 0.216634490485
2 1.04906146464 0.209226125602
3 1.05175342584 0.200507531615
4 1.05180058728 0.191922380195
5 1.04722386522 0.185049567775
6 1.03617448253 0.181428438154
7 1.01717875128 0.182375923727
8 0.989352529403 0.188814917169
9 0.952562090206 0.201141806014
10 0.907513278712 0.219158007927
11 0.855757822817 0.242070900675
12 0.799613834388 0.26855273525
13 0.742006073666 0.296845184323
14 0.686239617521 0.324901902979
15 0.63572736995 0.350560938992
16 0.593696705035 0.371734206837
17 0.562902950646 0.386597304276
18 0.54537715441 0.39376174515
19 0.542232633093 0.392413085402
20 0.553549465136 0.382401755241
21 0.578348851858 0.364277993251
22 0.614660840106 0.339267345951
23 0.659680081143 0.309187663616
24 0.709995949958 0.276310637857
25 0.761876275419 0.243168094621
26 0.811578821188 0.212293892986
27 0.855662007559 0.185885595414
28 0.891266433968 0.16540692441
29 0.916341546345 0.151287232828
30 0.929797024595 0.143008109436
31 0.93156563789 0.139667154644
32 0.922572735659 0.140609996511
33 0.904616395859 0.14560162939
34 0.880170683764 0.154472474778
35 0.852131670538 0.166645127476
36 0.823531128788 0.180959598131
37 0.797245658275 0.195858542897
38 0.775729132575 0.209723492181
39 0.760793793503 0.221171206264
40 0.753460314553 0.229243537941
41 0.753890204975 0.233495478085
42 0.761405718406 0.234001367342
43 0.774593771836 0.231296397507
44 0.791482121439 0.22626802005
45 0.809768990464 0.220013016031
46 0.827082189183 0.213679420434
47 0.841241009316 0.208315621483
48 0.850494080122 0.20474792414
49 0.853708943337 0.203499277145
50 0.850494080122 0.20474792414
51 0.841241009316 0.208315621483
52 0.827082189183 0.213679420434
53 0.809768990464 0.220013016031
54 0.791482121439 0.22626802005
55 0.774593771836 0.231296397507
56 0.761405718406 0.234001367342
57 0.753890204975 0.233495478085
58 0.753460314553 0.229243537941
59 0.760793793503 0.221171206264
60 0.775729132575 0.209723492181
61 0.797245658275 0.195858542897
62 0.823531128788 0.180959598131
63 0.852131670538 0.166645127476
64 0.880170683764 0.154472474778
65 0.904616395859 0.14560162939
66 0.922572735659 0.140609996511
67 0.93156563789 0.139667154644
68 0.929797024595 0.143008109436
69 0.916341546345 0.151287232828
70 0.891266433968 0.16540692441
71 0.855662007559 0.185885595414
72 0.811578821188 0.212293892986
73 0.761876275419 0.243168094621
74 0.709995949958 0.276310637857
75 0.659680081143 0.309187663616
76 0.614660840106 0.339267345951
77 0.578348851858 0.364277993251
78 0.553549465136 0.382401755241
79 0.542232633093 0.392413085402
80 0.54537715441 0.39376174515
81 0.562902950646 0.386597304276
82 0.593696705035 0.371734206837
83 0.63572736995 0.350560938992
84 0.686239617521 0.324901902979
85 0.742006073666 0.296845184323
86 0.799613834388 0.26855273525
87 0.855757822817 0.242070900675
88 0.907513278712 0.219158007927
89 0.952562090206 0.201141806014
90 0.989352529403 0.188814917169
91 1.01717875128 0.182375923727
92 1.03617448253 0.181428438154
93 1.04722386522 0.185049567775
94 1.05180058728 0.191922380195
95 1.05175342584 0.200507531615
96 1.04906146464 0.209226125602
97 1.04558502531 0.216634490485
98 1.04283850645 0.221577862909
99 1.0418088503 0.223311394548
===== stat w_coeff =====
VEC (21, 6)
0 0.823937791993 0.224098806122
1 0.106870202043 0.162874601238
2 0.356644420287 0.151275269024
3 0.539921215015 0.345534451279
4 0.0246981569741 0.105284025127
5 -0.56619270777 0.360884661532
